10:52:34 INFO  [Main] [Geode]: Running Geode v5.7.1 in Geometry Dash v2.2081 on Windows
10:52:34 INFO  [Main] [Geode]: Loader commit: 2cfd33a, Bindings commit: 64da1418
10:52:34 INFO  [Main] [Geode]: Setting up internal mod
10:52:34 INFO  [Main] [Geode]: Setting up loader
10:52:34 INFO  [Main] [Geode]:   Loading launch arguments
10:52:34 INFO  [Main] [Geode]:   Setting up crash handler
10:52:34 INFO  [Main] [Geode]:   Loading hooks
10:52:34 DEBUG [Main] [Geode]:     Enabled CCTextInputNode::ccTouchBegan hook at 0x140051330 for geode.loader
10:52:34 DEBUG [Main] [Geode]:     Enabled LoadingLayer::loadAssets hook at 0x14032ed60 for geode.loader
10:52:34 DEBUG [Main] [Geode]:     Enabled cocos2d::CCEGLView::pumpRawInput hook at 0x6ffffcdd8060 for geode.loader
10:52:34 DEBUG [Main] [Geode]:     Enabled cocos2d::CCEGLView::setupWindow hook at 0x6ffffcdd8a60 for geode.loader
10:52:34 DEBUG [Main] [Geode]:     Enabled cocos2d::CCApplication::updateControllerKeys hook at 0x6ffffcdd3eb0 for geode.loader
10:52:34 DEBUG [Main] [Geode]:     Enabled MoreOptionsLayer::onKeybindings hook at 0x1400dcf70 for geode.loader
10:52:34 DEBUG [Main] [Geode]:     Enabled onGLFWError hook at 0x6ffffcdd7700 for geode.loader
10:52:34 DEBUG [Main] [Geode]:     Enabled onGLFWError2 hook at 0x6ffffcdd7760 for geode.loader
10:52:34 DEBUG [Main] [Geode]:     Enabled GameManager::reloadAllStep5 hook at 0x14018a7d0 for geode.loader
10:52:34 DEBUG [Main] [Geode]:     Enabled cocos2d::CCNode::getUserObject hook at 0x6ffffcd63600 for geode.loader
10:52:34 DEBUG [Main] [Geode]:     Enabled cocos2d::CCNode::setUserObject hook at 0x6ffffcd650b0 for geode.loader
10:52:34 DEBUG [Main] [Geode]:     Enabled LevelPage::onPlay hook at 0x14031d880 for geode.loader
10:52:34 DEBUG [Main] [Geode]:     Enabled LoadingLayer::init hook at 0x14032e4c0 for geode.loader
10:52:34 DEBUG [Main] [Geode]:     Enabled LoadingLayer::loadAssets hook at 0x14032ed60 for geode.loader
10:52:34 DEBUG [Main] [Geode]:     Enabled MenuLayer::init hook at 0x140333a90 for geode.loader
10:52:34 DEBUG [Main] [Geode]:     Enabled ProfilePage::getUserInfoFinished hook at 0x1403c5ee0 for geode.loader
10:52:34 DEBUG [Main] [Geode]:     Enabled cocos2d::CCDirector::willSwitchToScene hook at 0x6ffffce202a0 for geode.loader
10:52:34 DEBUG [Main] [Geode]:     Enabled cocos2d::CCDirector::popScene hook at 0x6ffffce1eb70 for geode.loader
10:52:34 DEBUG [Main] [Geode]:     Enabled cocos2d::CCDirector::popToSceneStackLevel hook at 0x6ffffce1ed50 for geode.loader
10:52:34 DEBUG [Main] [Geode]:     Enabled AppDelegate::trySaveGame hook at 0x140083500 for geode.loader
10:52:34 DEBUG [Main] [Geode]:     Enabled cocos2d::CCScheduler::update hook at 0x6ffffce22b60 for geode.loader
10:52:34 DEBUG [Main] [Geode]:     Enabled cocos2d::CCKeyboardDispatcher::keyToString hook at 0x6ffffcda5070 for geode.loader
10:52:34 DEBUG [Main] [Geode]:     Enabled cocos2d::CCDrawNode::init hook at 0x6ffffcd752c0 for geode.loader
10:52:34 DEBUG [Main] [Geode]:     Enabled cocos2d::CCMenuItem::activate hook at 0x6ffffcdba140 for geode.loader
10:52:34 DEBUG [Main] [Geode]:     Enabled cocos2d::CCMenu::ccTouchEnded hook at 0x6ffffcdb9070 for geode.loader
10:52:34 DEBUG [Main] [Geode]:     Enabled cocos2d::CCSprite::create hook at 0x6ffffcdeb4d0 for geode.loader
10:52:34 DEBUG [Main] [Geode]:     Enabled cocos2d::CCSprite::createWithSpriteFrameName hook at 0x6ffffcdeb6c0 for geode.loader
10:52:34 DEBUG [Main] [Geode]:     Enabled cocos2d::CCSprite::initWithSpriteFrame hook at 0x6ffffcdebbd0 for geode.loader
10:52:34 DEBUG [Main] [Geode]:     Enabled cocos2d::CCSprite::initWithSpriteFrameName hook at 0x6ffffcdebc40 for geode.loader
10:52:34 DEBUG [Main] [Geode]:     Enabled cocos2d::CCSprite::initWithFile hook at 0x6ffffcdebb60 for geode.loader
10:52:34 DEBUG [Main] [Geode]:     Enabled cocos2d::CCSpriteFrameCache::spriteFrameByName hook at 0x6ffffcdf2820 for geode.loader
10:52:34 DEBUG [arc-worker-0] [Geode]: IPv6 probe failed (connect): Network is unreachable
10:52:34 DEBUG [Main] [Geode]:     Enabled cocos2d::CCSpriteBatchNode::initWithTexture hook at 0x6ffffcdee650 for geode.loader
10:52:34 DEBUG [Main] [Geode]:     Enabled cocos2d::CCFileUtils::sharedFileUtils hook at 0x6ffffcddb060 for geode.loader
10:52:34 DEBUG [Main] [Geode]:     Enabled cocos2d::CCFileUtils::fullPathForFilename hook at 0x6ffffcdce990 for geode.loader
10:52:34 DEBUG [Main] [Geode]:     Enabled cocos2d::CCMenu::initWithArray hook at 0x6ffffcdb9460 for geode.loader
10:52:34 DEBUG [Main] [Geode]:     Enabled cocos2d::CCEGLView::setScissorInPoints hook at 0x6ffffcdd88c0 for geode.loader
10:52:34 DEBUG [Main] [Geode]:     Enabled cocos2d::CCScene::getHighestChildZ hook at 0x6ffffcdb1ba0 for geode.loader
10:52:34 DEBUG [Main] [Geode]:     Enabled FMOD::System::init hook at 0x6ffff9f8f580 for geode.loader
10:52:34 DEBUG [Main] [Geode]:     Enabled FMOD::ChannelControl::setVolume hook at 0x6ffff9eee480 for geode.loader
10:52:34 DEBUG [Main] [Geode]:     Enabled cocos2d::CCDirector::purgeDirector hook at 0x6ffffce1ee50 for geode.loader
10:52:34 INFO  [Main] [Geode]:   Setting up directories
10:52:34 DEBUG [Main] [Geode]:     Creating necessary directories
10:52:34 DEBUG [Main] [Geode]:     Removing unnecessary directories
10:52:34 DEBUG [Main] [Geode]:     Adding search paths
10:52:34 INFO  [Main] [Geode]:   Refreshing mod graph
10:52:34 INFO  [Main] [Geode]:     Queueing mods
10:52:34 DEBUG [Main] [Geode]:       Searching Z:\home\khoablabla\.local\share\Steam\steamapps\common\Geometry Dash\geode\mods
10:52:34 DEBUG [Main] [Geode]:         Found alphalaneous.alphas_geode_utils.geode
10:52:34 DEBUG [Main] [Geode]:           id: alphalaneous.alphas_geode_utils
10:52:34 DEBUG [Main] [Geode]:           version: v1.2.5
10:52:34 DEBUG [Main] [Geode]:           early: yes
10:52:34 DEBUG [Main] [Geode]:         Found alphalaneous.happy_textures.geode
10:52:34 DEBUG [Main] [Geode]:           id: alphalaneous.happy_textures
10:52:34 DEBUG [Main] [Geode]:           version: v2.1.11
10:52:34 DEBUG [Main] [Geode]:           early: yes
10:52:34 DEBUG [Main] [Geode]:         Found cdc.level_thumbnails.geode
10:52:34 DEBUG [Main] [Geode]:           id: cdc.level_thumbnails
10:52:34 DEBUG [Main] [Geode]:           version: v2.3.2
10:52:34 DEBUG [Main] [Geode]:           early: no
10:52:34 DEBUG [Main] [Geode]:         Found cvolton.betterinfo.geode
10:52:34 DEBUG [Main] [Geode]:           id: cvolton.betterinfo
10:52:34 DEBUG [Main] [Geode]:           version: v4.4.6
10:52:34 DEBUG [Main] [Geode]:           early: yes
10:52:34 DEBUG [Main] [Geode]:         Found cvolton.level-id-api.geode
10:52:34 DEBUG [Main] [Geode]:           id: cvolton.level-id-api
10:52:34 DEBUG [Main] [Geode]:           version: v2.0.0
10:52:34 DEBUG [Main] [Geode]:           early: yes
10:52:34 DEBUG [Main] [Geode]:         Found cvolton.misc_bugfixes.geode
10:52:34 DEBUG [Main] [Geode]:           id: cvolton.misc_bugfixes
10:52:34 DEBUG [Main] [Geode]:           version: v1.10.1
10:52:34 DEBUG [Main] [Geode]:           early: yes
10:52:34 DEBUG [Main] [Geode]:         Found dankmeme.globed2.geode
10:52:34 DEBUG [Main] [Geode]:           id: dankmeme.globed2
10:52:34 DEBUG [Main] [Geode]:           version: v2.1.4
10:52:34 DEBUG [Main] [Geode]:           early: no
10:52:34 DEBUG [Main] [Geode]:         Found eclipse.eclipse-menu.geode
10:52:34 DEBUG [Main] [Geode]:           id: eclipse.eclipse-menu
10:52:34 DEBUG [Main] [Geode]:           version: v1.9.4
10:52:34 DEBUG [Main] [Geode]:           early: yes
10:52:34 DEBUG [Main] [Geode]:         Found firee.goldenbest.geode
10:52:34 DEBUG [Main] [Geode]:           id: firee.goldenbest
10:52:34 DEBUG [Main] [Geode]:           version: v1.1.3
10:52:34 DEBUG [Main] [Geode]:           early: no
10:52:34 DEBUG [Main] [Geode]:         Found fleym.nongd.geode
10:52:34 DEBUG [Main] [Geode]:           id: fleym.nongd
10:52:34 DEBUG [Main] [Geode]:           version: v3.6.2
10:52:34 DEBUG [Main] [Geode]:           early: no
10:52:34 DEBUG [Main] [Geode]:         Found gdutilsdevs.gdutils.geode
10:52:34 DEBUG [Main] [Geode]:           id: gdutilsdevs.gdutils
10:52:34 DEBUG [Main] [Geode]:           version: v1.6.0-beta.4
10:52:34 DEBUG [Main] [Geode]:           early: no
10:52:34 DEBUG [Main] [Geode]:         Found geode.custom-keybinds.geode
10:52:34 DEBUG [Main] [Geode]:           id: geode.custom-keybinds
10:52:34 DEBUG [Main] [Geode]:           version: v2.1.0
10:52:34 DEBUG [Main] [Geode]:           early: no
10:52:34 DEBUG [Main] [Geode]:         Found geode.node-ids.geode
10:52:34 DEBUG [Main] [Geode]:           id: geode.node-ids
10:52:34 DEBUG [Main] [Geode]:           version: v1.23.3
10:52:34 DEBUG [Main] [Geode]:           early: no
10:52:34 DEBUG [Main] [Geode]:         Found geode.texture-loader.geode
10:52:34 DEBUG [Main] [Geode]:           id: geode.texture-loader
10:52:34 DEBUG [Main] [Geode]:           version: v1.10.2
10:52:34 DEBUG [Main] [Geode]:           early: yes
10:52:34 DEBUG [Main] [Geode]:         Found hiimjustin000.integrated_demonlist.geode
10:52:34 DEBUG [Main] [Geode]:           id: hiimjustin000.integrated_demonlist
10:52:34 DEBUG [Main] [Geode]:           version: v1.7.13
10:52:34 DEBUG [Main] [Geode]:           early: no
10:52:34 DEBUG [Main] [Geode]:         Found hiimjustin000.more_icons.geode
10:52:34 DEBUG [Main] [Geode]:           id: hiimjustin000.more_icons
10:52:34 DEBUG [Main] [Geode]:           version: v2.1.3
10:52:34 DEBUG [Main] [Geode]:           early: no
10:52:34 DEBUG [Main] [Geode]:         Found jouca.badgesapi.geode
10:52:34 DEBUG [Main] [Geode]:           id: jouca.badgesapi
10:52:34 DEBUG [Main] [Geode]:           version: v1.4.2
10:52:34 DEBUG [Main] [Geode]:           early: no
10:52:34 DEBUG [Main] [Geode]:         Found minemaker0430.gddp_integration.geode
10:52:34 DEBUG [Main] [Geode]:           id: minemaker0430.gddp_integration
10:52:34 DEBUG [Main] [Geode]:           version: v1.1.13
10:52:34 DEBUG [Main] [Geode]:           early: no
10:52:34 DEBUG [Main] [Geode]:         Found prevter.imageplus.geode
10:52:34 DEBUG [Main] [Geode]:           id: prevter.imageplus
10:52:34 DEBUG [Main] [Geode]:           version: v1.1.0
10:52:34 DEBUG [Main] [Geode]:           early: yes
10:52:34 DEBUG [Main] [Geode]:         Found syzzi.click_between_frames.geode
10:52:34 DEBUG [Main] [Geode]:           id: syzzi.click_between_frames
10:52:34 DEBUG [Main] [Geode]:           version: v1.5.0
10:52:34 DEBUG [Main] [Geode]:           early: no
10:52:34 DEBUG [Main] [Geode]:         Found thesillydoggo.qolmod.geode
10:52:34 DEBUG [Main] [Geode]:           id: thesillydoggo.qolmod
10:52:34 DEBUG [Main] [Geode]:           version: v2.8.6
10:52:34 DEBUG [Main] [Geode]:           early: yes
10:52:34 DEBUG [Main] [Geode]:         Found uproxide.textures.geode
10:52:34 DEBUG [Main] [Geode]:           id: uproxide.textures
10:52:34 DEBUG [Main] [Geode]:           version: v2.1.1
10:52:34 DEBUG [Main] [Geode]:           early: no
10:52:34 INFO  [Main] [Geode]:     Populating mod list
10:52:34 DEBUG [Main] [Geode]:       alphalaneous.alphas_geode_utils v1.2.5
10:52:34 DEBUG [Main] [Geode]:       alphalaneous.happy_textures v2.1.11
10:52:34 DEBUG [Main] [Geode]:       cdc.level_thumbnails v2.3.2
10:52:34 DEBUG [Main] [Geode]:       cvolton.betterinfo v4.4.6
10:52:34 DEBUG [Main] [Geode]:       cvolton.level-id-api v2.0.0
10:52:34 DEBUG [Main] [Geode]:       cvolton.misc_bugfixes v1.10.1
10:52:34 DEBUG [Main] [Geode]:       dankmeme.globed2 v2.1.4
10:52:34 DEBUG [Main] [Geode]:       eclipse.eclipse-menu v1.9.4
10:52:34 DEBUG [Main] [Geode]:       firee.goldenbest v1.1.3
10:52:34 DEBUG [Main] [Geode]:       fleym.nongd v3.6.2
10:52:34 DEBUG [Main] [Geode]:       gdutilsdevs.gdutils v1.6.0-beta.4
10:52:34 DEBUG [Main] [Geode]:       geode.custom-keybinds v2.1.0
10:52:34 DEBUG [Main] [Geode]:       geode.node-ids v1.23.3
10:52:34 DEBUG [Main] [Geode]:       geode.texture-loader v1.10.2
10:52:34 DEBUG [Main] [Geode]:       hiimjustin000.integrated_demonlist v1.7.13
10:52:34 DEBUG [Main] [Geode]:       hiimjustin000.more_icons v2.1.3
10:52:34 DEBUG [Main] [Geode]:       jouca.badgesapi v1.4.2
10:52:34 DEBUG [Main] [Geode]:       minemaker0430.gddp_integration v1.1.13
10:52:34 DEBUG [Main] [Geode]:       prevter.imageplus v1.1.0
10:52:34 DEBUG [Main] [Geode]:       syzzi.click_between_frames v1.5.0
10:52:34 DEBUG [Main] [Geode]:       thesillydoggo.qolmod v2.8.6
10:52:34 DEBUG [Main] [Geode]:       uproxide.textures v2.1.1
10:52:34 INFO  [Main] [Geode]:     Building mod graph
10:52:34 DEBUG [Main] [Geode]:       alphalaneous.alphas_geode_utils
10:52:34 DEBUG [Main] [Geode]:         geode.loader
10:52:34 DEBUG [Main] [Geode]:       fleym.nongd
10:52:34 DEBUG [Main] [Geode]:         geode.loader
10:52:34 DEBUG [Main] [Geode]:       geode.loader
10:52:34 DEBUG [Main] [Geode]:       alphalaneous.happy_textures
10:52:34 DEBUG [Main] [Geode]:         geode.loader
10:52:34 DEBUG [Main] [Geode]:         geode.node-ids
10:52:34 DEBUG [Main] [Geode]:         alphalaneous.alphas_geode_utils
10:52:34 DEBUG [Main] [Geode]:         prevter.imageplus
10:52:34 DEBUG [Main] [Geode]:         geode.texture-loader
10:52:34 DEBUG [Main] [Geode]:         raydeeux.pages_api
10:52:34 DEBUG [Main] [Geode]:       cdc.level_thumbnails
10:52:34 DEBUG [Main] [Geode]:         geode.loader
10:52:34 DEBUG [Main] [Geode]:         geode.node-ids
10:52:34 DEBUG [Main] [Geode]:         prevter.imageplus
10:52:34 DEBUG [Main] [Geode]:       dankmeme.globed2
10:52:34 DEBUG [Main] [Geode]:         geode.loader
10:52:34 DEBUG [Main] [Geode]:         geode.node-ids
10:52:34 DEBUG [Main] [Geode]:         prevter.imageplus
10:52:34 DEBUG [Main] [Geode]:         geode.devtools
10:52:34 DEBUG [Main] [Geode]:       cvolton.betterinfo
10:52:34 DEBUG [Main] [Geode]:         geode.loader
10:52:34 DEBUG [Main] [Geode]:         geode.node-ids
10:52:34 DEBUG [Main] [Geode]:         cvolton.misc_bugfixes
10:52:34 DEBUG [Main] [Geode]:         cvolton.level-id-api
10:52:34 DEBUG [Main] [Geode]:         eclipse.eclipse-menu
10:52:34 DEBUG [Main] [Geode]:         km7dev.server_api
10:52:34 DEBUG [Main] [Geode]:       cvolton.level-id-api
10:52:34 DEBUG [Main] [Geode]:         geode.loader
10:52:34 DEBUG [Main] [Geode]:       cvolton.misc_bugfixes
10:52:34 DEBUG [Main] [Geode]:         geode.loader
10:52:34 DEBUG [Main] [Geode]:       minemaker0430.gddp_integration
10:52:34 DEBUG [Main] [Geode]:         geode.loader
10:52:34 DEBUG [Main] [Geode]:         geode.node-ids
10:52:34 DEBUG [Main] [Geode]:       eclipse.eclipse-menu
10:52:34 DEBUG [Main] [Geode]:         geode.loader
10:52:34 DEBUG [Main] [Geode]:         eclipse.ffmpeg-api
10:52:34 DEBUG [Main] [Geode]:         dankmeme.globed2
10:52:34 DEBUG [Main] [Geode]:       firee.goldenbest
10:52:34 DEBUG [Main] [Geode]:         geode.loader
10:52:34 DEBUG [Main] [Geode]:       gdutilsdevs.gdutils
10:52:34 DEBUG [Main] [Geode]:         geode.loader
10:52:34 DEBUG [Main] [Geode]:         geode.node-ids
10:52:34 DEBUG [Main] [Geode]:         jouca.badgesapi
10:52:34 DEBUG [Main] [Geode]:       geode.custom-keybinds
10:52:34 DEBUG [Main] [Geode]:         geode.loader
10:52:34 DEBUG [Main] [Geode]:       hiimjustin000.integrated_demonlist
10:52:34 DEBUG [Main] [Geode]:         geode.loader
10:52:34 DEBUG [Main] [Geode]:         geode.node-ids
10:52:34 DEBUG [Main] [Geode]:       geode.node-ids
10:52:34 DEBUG [Main] [Geode]:         geode.loader
10:52:34 DEBUG [Main] [Geode]:       geode.texture-loader
10:52:34 DEBUG [Main] [Geode]:         geode.loader
10:52:34 DEBUG [Main] [Geode]:         geode.node-ids
10:52:34 DEBUG [Main] [Geode]:       hiimjustin000.more_icons
10:52:34 DEBUG [Main] [Geode]:         geode.loader
10:52:34 DEBUG [Main] [Geode]:         geode.node-ids
10:52:34 DEBUG [Main] [Geode]:       jouca.badgesapi
10:52:34 DEBUG [Main] [Geode]:         geode.loader
10:52:34 DEBUG [Main] [Geode]:         geode.node-ids
10:52:34 DEBUG [Main] [Geode]:       prevter.imageplus
10:52:34 DEBUG [Main] [Geode]:         geode.loader
10:52:34 DEBUG [Main] [Geode]:       syzzi.click_between_frames
10:52:34 DEBUG [Main] [Geode]:         geode.loader
10:52:34 DEBUG [Main] [Geode]:       thesillydoggo.qolmod
10:52:34 DEBUG [Main] [Geode]:         geode.loader
10:52:34 DEBUG [Main] [Geode]:       uproxide.textures
10:52:34 DEBUG [Main] [Geode]:         geode.loader
10:52:34 DEBUG [Main] [Geode]:         geode.texture-loader
10:52:34 DEBUG [Main] [Geode]:         alphalaneous.happy_textures
10:52:34 INFO  [Main] [Geode]:     Ordering mod stack
10:52:34 DEBUG [Main] [Geode]:       alphalaneous.alphas_geode_utils [0] (early)
10:52:34 DEBUG [Main] [Geode]:       geode.node-ids [0] (early)
10:52:34 DEBUG [Main] [Geode]:       prevter.imageplus [0] (early)
10:52:34 DEBUG [Main] [Geode]:       geode.texture-loader [0] (early)
10:52:34 DEBUG [Main] [Geode]:       alphalaneous.happy_textures [0] (early)
10:52:34 DEBUG [Main] [Geode]:       cvolton.misc_bugfixes [0] (early)
10:52:34 DEBUG [Main] [Geode]:       cvolton.level-id-api [0] (early)
10:52:34 DEBUG [Main] [Geode]:       cvolton.betterinfo [0] (early)
10:52:34 DEBUG [Main] [Geode]:       eclipse.eclipse-menu [0] (early)
10:52:34 DEBUG [Main] [Geode]:       thesillydoggo.qolmod [0] (early)
10:52:34 DEBUG [Main] [Geode]:       cdc.level_thumbnails [0]
10:52:34 DEBUG [Main] [Geode]:       dankmeme.globed2 [0]
10:52:34 DEBUG [Main] [Geode]:       firee.goldenbest [0]
10:52:34 DEBUG [Main] [Geode]:       fleym.nongd [0]
10:52:34 DEBUG [Main] [Geode]:       jouca.badgesapi [0]
10:52:34 DEBUG [Main] [Geode]:       gdutilsdevs.gdutils [0]
10:52:34 DEBUG [Main] [Geode]:       geode.custom-keybinds [0]
10:52:34 DEBUG [Main] [Geode]:       hiimjustin000.integrated_demonlist [0]
10:52:34 DEBUG [Main] [Geode]:       hiimjustin000.more_icons [0]
10:52:34 DEBUG [Main] [Geode]:       minemaker0430.gddp_integration [0]
10:52:34 DEBUG [Main] [Geode]:       syzzi.click_between_frames [0]
10:52:34 DEBUG [Main] [Geode]:       uproxide.textures [0]
10:52:34 INFO  [Main] [Geode]:     Loading early mods
10:52:34 INFO  [Main] [Geode]:       Loading mod alphalaneous.alphas_geode_utils v1.2.5
10:52:34 DEBUG [Main] [Geode]:         Unzipping .geode file
10:52:34 DEBUG [Main] [Geode]:         Same hash detected, skipping unzip
10:52:34 DEBUG [Main] [Geode]:         Loading binary
10:52:34 DEBUG [Main] [Geode]:         Loading binary for mod alphalaneous.alphas_geode_utils
10:52:34 DEBUG [Main] [Geode]:         Enabled cocos2d::CCObject::autorelease hook at 0x6ffffcd6ea40 for alphalaneous.alphas_geode_utils
10:52:34 INFO  [Main] [Geode]:       Loading mod geode.node-ids v1.23.3
10:52:34 DEBUG [Main] [Geode]:         Unzipping .geode file
10:52:34 DEBUG [Main] [Geode]:         Same hash detected, skipping unzip
10:52:34 DEBUG [Main] [Geode]:         Loading binary
10:52:34 DEBUG [Main] [Geode]:         Loading binary for mod geode.node-ids
10:52:34 DEBUG [Main] [Geode]:         Enabled ChallengeNode::init hook at 0x140086d30 for geode.node-ids
10:52:34 DEBUG [Main] [Geode]:         Enabled ChallengesPage::init hook at 0x140085350 for geode.node-ids
10:52:34 DEBUG [Main] [Geode]:         Enabled ChallengesPage::createChallengeNode hook at 0x1400860e0 for geode.node-ids
10:52:34 DEBUG [Main] [Geode]:         Enabled CharacterColorPage::init hook at 0x140087f80 for geode.node-ids
10:52:34 DEBUG [Main] [Geode]:         Enabled CommentCell::loadFromComment hook at 0x1400b5c00 for geode.node-ids
10:52:34 DEBUG [Main] [Geode]:         Enabled ConfigureHSVWidget::init hook at 0x140096ae0 for geode.node-ids
10:52:34 DEBUG [Main] [Geode]:         Enabled CreatorLayer::init hook at 0x14009c140 for geode.node-ids
10:52:34 DEBUG [Main] [Geode]:         Enabled CustomSongWidget::init hook at 0x1400c8470 for geode.node-ids
10:52:34 DEBUG [Main] [Geode]:         Enabled CustomizeObjectLayer::init hook at 0x1400a5410 for geode.node-ids
10:52:34 DEBUG [Main] [Geode]:         Enabled CustomizeObjectLayer::toggleVisible hook at 0x1400a9200 for geode.node-ids
10:52:34 DEBUG [Main] [Geode]:         Enabled DailyLevelNode::init hook at 0x1400d20c0 for geode.node-ids
10:52:34 DEBUG [Main] [Geode]:         Enabled DailyLevelPage::init hook at 0x1400ce540 for geode.node-ids
10:52:34 DEBUG [Main] [Geode]:         Enabled DemonFilterSelectLayer::init hook at 0x140317950 for geode.node-ids
10:52:34 DEBUG [Main] [Geode]:         Enabled DemonInfoPopup::init hook at 0x1403c71b0 for geode.node-ids
10:52:34 DEBUG [Main] [Geode]:         Enabled EditLevelLayer::init hook at 0x1400d5440 for geode.node-ids
10:52:34 DEBUG [Main] [Geode]:         Enabled EditorPauseLayer::init hook at 0x1400d9ec0 for geode.node-ids
10:52:34 DEBUG [Main] [Geode]:         Enabled EditorUI::init hook at 0x1400df390 for geode.node-ids
10:52:34 DEBUG [Main] [Geode]:         Enabled EndLevelLayer::customSetup hook at 0x140132e50 for geode.node-ids
10:52:34 DEBUG [Main] [Geode]:         Enabled EndLevelLayer::showLayer hook at 0x140134ca0 for geode.node-ids
10:52:34 DEBUG [Main] [Geode]:         Enabled FLAlertLayer::init hook at 0x140051bd0 for geode.node-ids
10:52:34 DEBUG [Main] [Geode]:         Enabled FRequestProfilePage::init hook at 0x14013da70 for geode.node-ids
10:52:34 DEBUG [Main] [Geode]:         Enabled FriendRequestPopup::init hook at 0x140295b10 for geode.node-ids
10:52:34 DEBUG [Main] [Geode]:         Enabled FriendsProfilePage::init hook at 0x14013fda0 for geode.node-ids
10:52:34 DEBUG [Main] [Geode]:         Enabled GJCommentListLayer::init hook at 0x140291dd0 for geode.node-ids
10:52:34 DEBUG [Main] [Geode]:         Enabled GJDropDownLayer::init hook at 0x140256e80 for geode.node-ids
10:52:34 DEBUG [Main] [Geode]:         Enabled GJGarageLayer::init hook at 0x140273050 for geode.node-ids
10:52:34 DEBUG [Main] [Geode]:         Enabled GJGarageLayer::setupPage hook at 0x140276090 for geode.node-ids
10:52:34 DEBUG [Main] [Geode]:         Enabled GJGroundLayer::init hook at 0x14027e220 for geode.node-ids
10:52:34 DEBUG [Main] [Geode]:         Enabled GJLevelScoreCell::loadFromScore hook at 0x1400ba0a0 for geode.node-ids
10:52:34 DEBUG [Main] [Geode]:         Enabled GJListLayer::init hook at 0x14027f8d0 for geode.node-ids
10:52:34 DEBUG [Main] [Geode]:         Enabled GJMessageCell::loadFromMessage hook at 0x1400bd500 for geode.node-ids
10:52:34 DEBUG [Main] [Geode]:         Enabled GJRequestCell::loadFromScore hook at 0x1400bc340 for geode.node-ids
10:52:34 DEBUG [Main] [Geode]:         Enabled GJScoreCell::loadFromScore hook at 0x1400b8490 for geode.node-ids
10:52:34 DEBUG [Main] [Geode]:         Enabled GJUserCell::loadFromScore hook at 0x1400bac60 for geode.node-ids
10:52:34 DEBUG [Main] [Geode]:         Enabled GameToolbox::addRThumbScrollButton hook at 0x140065120 for geode.node-ids
10:52:34 DEBUG [Main] [Geode]:         Enabled GameToolbox::addBackButton hook at 0x140065040 for geode.node-ids
10:52:34 DEBUG [Main] [Geode]:         Enabled GauntletLayer::loadLevelsFinished hook at 0x1401f6930 for geode.node-ids
10:52:34 DEBUG [Main] [Geode]:         Enabled GauntletLayer::init hook at 0x1401f6140 for geode.node-ids
10:52:34 DEBUG [Main] [Geode]:         Enabled GauntletNode::generateNode hook at 0x1401fc240 for geode.node-ids
10:52:34 DEBUG [Main] [Geode]:         Enabled GauntletSelectLayer::init hook at 0x1401f8c30 for geode.node-ids
10:52:34 DEBUG [Main] [Geode]:         Enabled GauntletSelectLayer::setupGauntlets hook at 0x1401f9d30 for geode.node-ids
10:52:34 DEBUG [Main] [Geode]:         Enabled InfoLayer::init hook at 0x1402baa70 for geode.node-ids
10:52:34 DEBUG [Main] [Geode]:         Enabled InfoLayer::setupCommentsBrowser hook at 0x1402be8c0 for geode.node-ids
10:52:34 DEBUG [Main] [Geode]:         Enabled ItemInfoPopup::init hook at 0x14027b8a0 for geode.node-ids
10:52:34 DEBUG [Main] [Geode]:         Enabled LeaderboardsLayer::init hook at 0x1402c13c0 for geode.node-ids
10:52:34 DEBUG [Main] [Geode]:         Enabled LevelAreaInnerLayer::init hook at 0x1402c64e0 for geode.node-ids
10:52:34 DEBUG [Main] [Geode]:         Enabled LevelAreaLayer::init hook at 0x1402c43d0 for geode.node-ids
10:52:34 DEBUG [Main] [Geode]:         Enabled LevelBrowserLayer::init hook at 0x1402c8c60 for geode.node-ids
10:52:34 DEBUG [Main] [Geode]:         Enabled LevelCell::loadCustomLevelCell hook at 0x1400ae230 for geode.node-ids
10:52:34 DEBUG [Main] [Geode]:         Enabled LevelCell::loadFromLevel hook at 0x1400ae050 for geode.node-ids
10:52:34 DEBUG [Main] [Geode]:         Enabled LevelCell::loadLocalLevelCell hook at 0x1400b0d70 for geode.node-ids
10:52:34 DEBUG [Main] [Geode]:         Enabled LevelEditorLayer::init hook at 0x1402d1dd0 for geode.node-ids
10:52:34 DEBUG [Main] [Geode]:         Enabled LevelInfoLayer::levelDownloadFinished hook at 0x1402fba60 for geode.node-ids
10:52:34 DEBUG [Main] [Geode]:         Enabled LevelInfoLayer::init hook at 0x1402f7340 for geode.node-ids
10:52:34 DEBUG [Main] [Geode]:         Enabled LevelInfoLayer::setupProgressBars hook at 0x1402fa700 for geode.node-ids
10:52:34 DEBUG [Main] [Geode]:         Enabled LevelInfoLayer::setupPlatformerStats hook at 0x1402fa2d0 for geode.node-ids
10:52:34 DEBUG [Main] [Geode]:         Enabled LevelInfoLayer::updateLabelValues hook at 0x1402ff420 for geode.node-ids
10:52:34 DEBUG [Main] [Geode]:         Enabled LevelLeaderboard::init hook at 0x140300b10 for geode.node-ids
10:52:34 DEBUG [Main] [Geode]:         Enabled LevelListCell::loadFromList hook at 0x1400becb0 for geode.node-ids
10:52:34 DEBUG [Main] [Geode]:         Enabled LevelListLayer::init hook at 0x140303640 for geode.node-ids
10:52:34 DEBUG [Main] [Geode]:         Enabled LevelListLayer::updateStatsArt hook at 0x140305120 for geode.node-ids
10:52:34 DEBUG [Main] [Geode]:         Enabled LevelPage::addSecretCoin hook at 0x14031c3a0 for geode.node-ids
10:52:34 DEBUG [Main] [Geode]:         Enabled LevelPage::addSecretDoor hook at 0x14031cab0 for geode.node-ids
10:52:34 DEBUG [Main] [Geode]:         Enabled LevelPage::init hook at 0x140319c20 for geode.node-ids
10:52:34 DEBUG [Main] [Geode]:         Enabled LevelPage::updateDynamicPage hook at 0x14031a8b0 for geode.node-ids
10:52:34 DEBUG [Main] [Geode]:         Enabled LevelSearchLayer::init hook at 0x14030c190 for geode.node-ids
10:52:34 DEBUG [Main] [Geode]:         Enabled LevelSelectLayer::init hook at 0x1403183f0 for geode.node-ids
10:52:34 DEBUG [Main] [Geode]:         Enabled LikeItemLayer::init hook at 0x14032de60 for geode.node-ids
10:52:34 DEBUG [Main] [Geode]:         Enabled MenuGameLayer::init hook at 0x140331420 for geode.node-ids
10:52:34 DEBUG [Main] [Geode]:         Enabled MoreOptionsLayer::init hook at 0x140373740 for geode.node-ids
10:52:34 DEBUG [Main] [Geode]:         Enabled MoreSearchLayer::init hook at 0x140312bd0 for geode.node-ids
10:52:34 DEBUG [Main] [Geode]:         Enabled OptionsLayer::customSetup hook at 0x140371d10 for geode.node-ids
10:52:34 DEBUG [Main] [Geode]:         Enabled PauseLayer::customSetup hook at 0x14037c870 for geode.node-ids
10:52:34 DEBUG [Main] [Geode]:         Enabled PlayLayer::init hook at 0x1403a5b00 for geode.node-ids
10:52:34 DEBUG [Main] [Geode]:         Enabled PlayLayer::setupHasCompleted hook at 0x1403a66d0 for geode.node-ids
10:52:34 DEBUG [Main] [Geode]:         Enabled PlayerObject::init hook at 0x140386770 for geode.node-ids
10:52:34 DEBUG [Main] [Geode]:         Enabled ProfilePage::init hook at 0x1403be840 for geode.node-ids
10:52:34 DEBUG [Main] [Geode]:         Enabled ProfilePage::loadPageFromUserInfo hook at 0x1403bfe80 for geode.node-ids
10:52:34 DEBUG [Main] [Geode]:         Enabled PurchaseItemPopup::init hook at 0x1402aec80 for geode.node-ids
10:52:34 DEBUG [Main] [Geode]:         Enabled RewardsPage::init hook at 0x1403cc490 for geode.node-ids
10:52:34 DEBUG [Main] [Geode]:         Enabled SecretLayer::init hook at 0x1403dca70 for geode.node-ids
10:52:34 DEBUG [Main] [Geode]:         Enabled SecretLayer2::init hook at 0x1403e22e0 for geode.node-ids
10:52:34 DEBUG [Main] [Geode]:         Enabled SecretLayer3::init hook at 0x1403e9e90 for geode.node-ids
10:52:34 DEBUG [Main] [Geode]:         Enabled SecretLayer4::init hook at 0x1403efb20 for geode.node-ids
10:52:34 DEBUG [Main] [Geode]:         Enabled SecretRewardsLayer::init hook at 0x1403d2670 for geode.node-ids
10:52:34 DEBUG [Main] [Geode]:         Enabled SetGroupIDLayer::init hook at 0x1403f85e0 for geode.node-ids
10:52:34 DEBUG [Main] [Geode]:         Enabled SetIDPopup::init hook at 0x14029b340 for geode.node-ids
10:52:34 DEBUG [Main] [Geode]:         Enabled SetupMoveCommandPopup::init hook at 0x140280940 for geode.node-ids
10:52:34 DEBUG [Main] [Geode]:         Enabled SetupObjectOptionsPopup::init hook at 0x1403fdf30 for geode.node-ids
10:52:34 DEBUG [Main] [Geode]:         Enabled SetupOpacityPopup::init hook at 0x14042a5e0 for geode.node-ids
10:52:34 DEBUG [Main] [Geode]:         Enabled ShardsPage::init hook at 0x140489b00 for geode.node-ids
10:52:34 DEBUG [Main] [Geode]:         Enabled StarInfoPopup::init hook at 0x1403c81b0 for geode.node-ids
10:52:34 DEBUG [Main] [Geode]:         Enabled TutorialLayer::init hook at 0x1404cbda0 for geode.node-ids
10:52:34 DEBUG [Main] [Geode]:         Enabled TutorialLayer::loadPage hook at 0x1404cc310 for geode.node-ids
10:52:34 DEBUG [Main] [Geode]:         Enabled UILayer::init hook at 0x1404ccb00 for geode.node-ids
10:52:34 INFO  [Main] [Geode]:       Loading mod prevter.imageplus v1.1.0
10:52:34 DEBUG [Main] [Geode]:         Unzipping .geode file
10:52:34 DEBUG [Main] [Geode]:         Same hash detected, skipping unzip
10:52:34 DEBUG [Main] [Geode]:         Loading binary
10:52:34 DEBUG [Main] [Geode]:         Loading binary for mod prevter.imageplus
10:52:34 DEBUG [Main] [Geode]:         Enabled cocos2d::CCSprite::initWithTexture hook at 0x6ffffcdebcf0 for prevter.imageplus
10:52:34 DEBUG [Main] [Geode]:         Enabled cocos2d::CCImage::initWithImageData hook at 0x6ffffcddca00 for prevter.imageplus
10:52:34 DEBUG [Main] [Geode]:         Enabled cocos2d::CCImage::initWithImageFile hook at 0x6ffffcddcaf0 for prevter.imageplus
10:52:34 DEBUG [Main] [Geode]:         Enabled cocos2d::CCTexture2D::initWithImage hook at 0x6ffffce059f0 for prevter.imageplus
10:52:34 INFO  [Main] [Geode]:       Loading mod geode.texture-loader v1.10.2
10:52:34 DEBUG [Main] [Geode]:         Unzipping .geode file
10:52:34 DEBUG [Main] [Geode]:         Same hash detected, skipping unzip
10:52:34 DEBUG [Main] [Geode]:         Loading binary
10:52:34 DEBUG [Main] [Geode]:         Loading binary for mod geode.texture-loader
10:52:34 DEBUG [Main] [Geode]:         Enabled cocos2d::CCMouseDispatcher::dispatchScrollMSG hook at 0x6ffffcdc0cc0 for geode.texture-loader
10:52:34 DEBUG [Main] [Geode]:         Enabled MenuLayer::scene hook at 0x140333900 for geode.texture-loader
10:52:34 WARN  [Ma>] [Texture Loader]: Failed to set CCSpriteFrameCache::addSpriteFramesWithFile hook priority, texture loader might break!
10:52:34 DEBUG [Main] [Geode]:         Enabled cocos2d::CCSpriteFrameCache::addSpriteFramesWithFile hook at 0x6ffffcdf1350 for geode.texture-loader
10:52:34 DEBUG [Main] [Geode]:         Enabled OptionsLayer::customSetup hook at 0x140371d10 for geode.texture-loader
10:52:34 DEBUG [Main] [Geode]:         Enabled VideoOptionsLayer::init hook at 0x140376b60 for geode.texture-loader
10:52:34 DEBUG [Main] [Geode]:         Enabled LoadingLayer::init hook at 0x14032e4c0 for geode.texture-loader
10:52:34 INFO  [Ma>] [Texture Loader]: Loading texture packs
10:52:34 INFO  [Ma>] [Texture Loader]: Loaded 0 packs
10:52:34 INFO  [Main] [Geode]:       Loading mod alphalaneous.happy_textures v2.1.11
10:52:34 DEBUG [Main] [Geode]:         Unzipping .geode file
10:52:34 DEBUG [Main] [Geode]:         Same hash detected, skipping unzip
10:52:34 DEBUG [Main] [Geode]:         Loading binary
10:52:34 DEBUG [Main] [Geode]:         Loading binary for mod alphalaneous.happy_textures
10:52:34 DEBUG [Main] [Geode]:         Enabled cocos2d::CCDirector::willSwitchToScene hook at 0x6ffffce202a0 for alphalaneous.happy_textures
10:52:34 DEBUG [Main] [Geode]:         Enabled cocos2d::CCLabelBMFont::setString hook at 0x6ffffcdaca20 for alphalaneous.happy_textures
10:52:34 DEBUG [Main] [Geode]:         Enabled cocos2d::CCLabelBMFont::limitLabelWidth hook at 0x6ffffcda8e60 for alphalaneous.happy_textures
10:52:34 DEBUG [Main] [Geode]:         Enabled cocos2d::CCPoolManager::pop hook at 0x6ffffcd67690 for alphalaneous.happy_textures
10:52:34 DEBUG [Main] [Geode]:         Enabled cocos2d::CCObject::autorelease hook at 0x6ffffcd6ea40 for alphalaneous.happy_textures
10:52:34 DEBUG [Main] [Geode]:         Enabled GJBaseGameLayer::createTextLayers hook at 0x14020ec90 for alphalaneous.happy_textures
10:52:34 DEBUG [Main] [Geode]:         Enabled cocos2d::CCSpriteBatchNode::initWithTexture hook at 0x6ffffcdee650 for alphalaneous.happy_textures
10:52:34 DEBUG [Main] [Geode]:         Enabled cocos2d::CCLabelBMFont::createBatched hook at 0x6ffffcda7d40 for alphalaneous.happy_textures
10:52:34 DEBUG [Main] [Geode]:         Enabled cocos2d::CCTextureCache::addImage hook at 0x6ffffce073a0 for alphalaneous.happy_textures
10:52:34 DEBUG [Main] [Geode]:         Enabled cocos2d::CCDirector::willSwitchToScene hook at 0x6ffffce202a0 for alphalaneous.happy_textures
10:52:34 DEBUG [Main] [Geode]:         Enabled LabelGameObject::createLabel hook at 0x1404b3530 for alphalaneous.happy_textures
10:52:34 DEBUG [Main] [Geode]:         Enabled cocos2d::extension::CCScale9Sprite::visit hook at 0x6ffffe8f0160 for alphalaneous.happy_textures
10:52:34 DEBUG [Main] [Geode]:         Enabled cocos2d::extension::CCScale9Sprite::initWithFile hook at 0x6ffffe8ef400 for alphalaneous.happy_textures
10:52:34 DEBUG [Main] [Geode]:         Enabled cocos2d::CCSpriteFrameCache::spriteFrameByName hook at 0x6ffffcdf2820 for alphalaneous.happy_textures
10:52:34 DEBUG [Main] [Geode]:         Enabled CustomListView::setupList hook at 0x1400abcd0 for alphalaneous.happy_textures
10:52:34 DEBUG [Main] [Geode]:         Enabled ProfilePage::loadPageFromUserInfo hook at 0x1403bfe80 for alphalaneous.happy_textures
10:52:34 DEBUG [Main] [Geode]:         Enabled ProfilePage::setupCommentsBrowser hook at 0x1403c64c0 for alphalaneous.happy_textures
10:52:34 DEBUG [Main] [Geode]:         Enabled InfoLayer::setupCommentsBrowser hook at 0x1402be8c0 for alphalaneous.happy_textures
10:52:34 DEBUG [Main] [Geode]:         Enabled LevelLeaderboard::setupLeaderboard hook at 0x140302d40 for alphalaneous.happy_textures
10:52:34 DEBUG [Main] [Geode]:         Enabled AudioAssetsBrowser::setupList hook at 0x140083de0 for alphalaneous.happy_textures
10:52:34 DEBUG [Main] [Geode]:         Enabled MusicBrowser::setupList hook at 0x140339f20 for alphalaneous.happy_textures
10:52:34 DEBUG [Main] [Geode]:         Enabled OptionsScrollLayer::setupList hook at 0x14033adc0 for alphalaneous.happy_textures
10:52:34 DEBUG [Main] [Geode]:         Enabled MessagesProfilePage::setupCommentsBrowser hook at 0x140338030 for alphalaneous.happy_textures
10:52:34 DEBUG [Main] [Geode]:         Enabled FriendsProfilePage::setupUsersBrowser hook at 0x1401404b0 for alphalaneous.happy_textures
10:52:34 DEBUG [Main] [Geode]:         Enabled FRequestProfilePage::setupCommentsBrowser hook at 0x14013f670 for alphalaneous.happy_textures
10:52:34 DEBUG [Main] [Geode]:         Enabled SFXBrowser::setupList hook at 0x14047fa20 for alphalaneous.happy_textures
10:52:34 DEBUG [Main] [Geode]:         Enabled TextArea::setString hook at 0x1400770c0 for alphalaneous.happy_textures
10:52:34 DEBUG [Main] [Geode]:         Enabled GJChestSprite::switchToState hook at 0x1403d17e0 for alphalaneous.happy_textures
10:52:34 DEBUG [Main] [Geode]:         Enabled GJDropDownLayer::showLayer hook at 0x140257360 for alphalaneous.happy_textures
10:52:34 DEBUG [Main] [Geode]:         Enabled LevelInfoLayer::loadLevelStep hook at 0x1402fd260 for alphalaneous.happy_textures
10:52:34 DEBUG [Main] [Geode]:         Enabled LoadingLayer::init hook at 0x14032e4c0 for alphalaneous.happy_textures
10:52:34 DEBUG [Main] [Geode]:         Enabled CreatorLayer::onGauntlets hook at 0x14009dc00 for alphalaneous.happy_textures
10:52:34 DEBUG [Main] [Geode]:         Enabled CreatorLayer::onTreasureRoom hook at 0x14009eda0 for alphalaneous.happy_textures
10:52:34 DEBUG [Main] [Geode]:         Enabled cocos2d::CCDirector::replaceScene hook at 0x6ffffce1f130 for alphalaneous.happy_textures
10:52:34 DEBUG [Main] [Geode]:         Enabled SecretRewardsLayer::onBack hook at 0x1403d7c20 for alphalaneous.happy_textures
10:52:34 DEBUG [Main] [Geode]:         Enabled GauntletSelectLayer::onBack hook at 0x1401fa6a0 for alphalaneous.happy_textures
10:52:34 INFO  [Main] [Geode]:       Loading mod cvolton.misc_bugfixes v1.10.1
10:52:34 DEBUG [Main] [Geode]:         Unzipping .geode file
10:52:34 DEBUG [Main] [Geode]:         Same hash detected, skipping unzip
10:52:34 DEBUG [Main] [Geode]:         Loading binary
10:52:34 DEBUG [Main] [Geode]:         Loading binary for mod cvolton.misc_bugfixes
10:52:34 DEBUG [Main] [Geode]:         Enabled CommentCell::FLAlert_Clicked hook at 0x1400b81d0 for cvolton.misc_bugfixes
10:52:34 DEBUG [Main] [Geode]:         Enabled CommentCell::onConfirmDelete hook at 0x1400b8060 for cvolton.misc_bugfixes
10:52:34 DEBUG [Main] [Geode]:         Enabled CommentCell::onLike hook at 0x1400b7e00 for cvolton.misc_bugfixes
10:52:34 DEBUG [Main] [Geode]:         Enabled PlayerObject::setPosition hook at 0x14039c640 for cvolton.misc_bugfixes
10:52:34 DEBUG [Main] [Geode]:         Enabled GJBaseGameLayer::toggleDualMode hook at 0x1402168d0 for cvolton.misc_bugfixes
10:52:34 DEBUG [Main] [Geode]:         Enabled SelectFontLayer::onChangeFont hook at 0x14028ed30 for cvolton.misc_bugfixes
10:52:34 DEBUG [Main] [Geode]:         Enabled PlayerObject::togglePlayerScale hook at 0x1403a0700 for cvolton.misc_bugfixes
10:52:34 DEBUG [Main] [Geode]:         Enabled cocos2d::CCDrawNode::drawCircle hook at 0x6ffffcd722c0 for cvolton.misc_bugfixes
10:52:34 DEBUG [Main] [Geode]:         Enabled cocos2d::CCDrawNode::drawPolygon hook at 0x6ffffcd73190 for cvolton.misc_bugfixes
10:52:34 DEBUG [Main] [Geode]:         Enabled GJBaseGameLayer::updateDebugDraw hook at 0x140210800 for cvolton.misc_bugfixes
10:52:34 DEBUG [Main] [Geode]:         Enabled GameObject::determineSlopeDirection hook at 0x14019c2c0 for cvolton.misc_bugfixes
10:52:34 DEBUG [Main] [Geode]:         Enabled LevelBrowserLayer::getSearchTitle hook at 0x1402cbbc0 for cvolton.misc_bugfixes
10:52:34 DEBUG [Main] [Geode]:         Enabled ProfilePage::loadPageFromUserInfo hook at 0x1403bfe80 for cvolton.misc_bugfixes
10:52:34 DEBUG [Main] [Geode]:         Enabled GameStatsManager::dataLoaded hook at 0x1401f24a0 for cvolton.misc_bugfixes
10:52:34 DEBUG [Main] [Geode]:         Enabled GJRobotSprite::init hook at 0x1402a6740 for cvolton.misc_bugfixes
10:52:34 DEBUG [Main] [Geode]:         Enabled PlayerObject::toggleVisibility hook at 0x14038b440 for cvolton.misc_bugfixes
10:52:34 DEBUG [Main] [Geode]:         Enabled GJSongBrowser::FLAlert_Clicked hook at 0x1402b7b30 for cvolton.misc_bugfixes
10:52:34 DEBUG [Main] [Geode]:         Enabled CustomSongWidget::deleteSong hook at 0x1400ca020 for cvolton.misc_bugfixes
10:52:34 DEBUG [Main] [Geode]:         Enabled CustomSongWidget::updateSongInfo hook at 0x1400cb4f0 for cvolton.misc_bugfixes
10:52:34 DEBUG [Main] [Geode]:         Enabled MusicDownloadManager::downloadCustomSong hook at 0x140340310 for cvolton.misc_bugfixes
10:52:34 DEBUG [Main] [Geode]:         Enabled MusicDownloadManager::downloadSong hook at 0x14033ea20 for cvolton.misc_bugfixes
10:52:34 DEBUG [Main] [Geode]:         Enabled MusicDownloadManager::isSongDownloaded hook at 0x14033f250 for cvolton.misc_bugfixes
10:52:34 DEBUG [Main] [Geode]:         Enabled MusicDownloadManager::onDownloadSongCompleted hook at 0x14033ed20 for cvolton.misc_bugfixes
10:52:34 DEBUG [Main] [Geode]:         Enabled LevelInfoLayer::init hook at 0x1402f7340 for cvolton.misc_bugfixes
10:52:34 DEBUG [Main] [Geode]:         Enabled LevelInfoLayer::onPlay hook at 0x1402fc430 for cvolton.misc_bugfixes
10:52:34 DEBUG [Main] [Geode]:         Enabled PlayLayer::resetLevel hook at 0x1403b8eb0 for cvolton.misc_bugfixes
10:52:34 DEBUG [Main] [Misc Bugfixes]: Timer fix: Patched nopWindowsMulti - 3718700
10:52:34 DEBUG [Main] [Misc Bugfixes]: Timer fix: Patched nopWindowsMulti - 3814569
10:52:34 DEBUG [Main] [Misc Bugfixes]: Timer fix: Patched nopWindowsMulti - 3814889
10:52:34 DEBUG [Main] [Misc Bugfixes]: Timer fix: Patched nopWindowsMulti - 547414
10:52:34 DEBUG [Main] [Misc Bugfixes]: Timer fix: Patched nopWindowsMulti - 249686
10:52:34 DEBUG [Main] [Misc Bugfixes]: Timer fix: Patched nopWindowsMulti - 1350885
10:52:34 DEBUG [Main] [Misc Bugfixes]: Timer fix: Patched nopWindowsMulti - 849296
10:52:34 DEBUG [Main] [Misc Bugfixes]: Timer fix: Patched nopWindowsMulti - 1351278
10:52:34 DEBUG [Main] [Misc Bugfixes]: Timer fix: Patched nopWindowsMulti - 1478944
10:52:34 DEBUG [Main] [Misc Bugfixes]: Timer fix: Patched nopWindowsMulti - 1481352
10:52:34 DEBUG [Main] [Misc Bugfixes]: Timer fix: Patched nopWindowsMulti - 1481436
10:52:34 DEBUG [Main] [Misc Bugfixes]: Timer fix: Patched nopWindowsMulti - 2634405
10:52:34 DEBUG [Main] [Misc Bugfixes]: Timer fix: Patched nopWindowsMulti - 1351602
10:52:34 DEBUG [Main] [Misc Bugfixes]: Timer fix: Patched nopWindowsMulti - 3987574
10:52:34 DEBUG [Main] [Geode]:         Enabled MenuLayer::init hook at 0x140333a90 for cvolton.misc_bugfixes
10:52:34 DEBUG [Main] [Geode]:         Enabled MenuLayer::init hook at 0x140333a90 for cvolton.misc_bugfixes
10:52:34 INFO  [Main] [Geode]:       Loading mod cvolton.level-id-api v2.0.0
10:52:34 DEBUG [Main] [Geode]:         Unzipping .geode file
10:52:34 DEBUG [Main] [Geode]:         Same hash detected, skipping unzip
10:52:34 DEBUG [Main] [Geode]:         Loading binary
10:52:34 DEBUG [Main] [Geode]:         Loading binary for mod cvolton.level-id-api
10:52:34 DEBUG [Main] [Geode]:         Enabled GJGameLevel::dataLoaded hook at 0x14016dec0 for cvolton.level-id-api
10:52:34 DEBUG [Main] [Geode]:         Enabled GJGameLevel::handleStatsConflict hook at 0x14016fb60 for cvolton.level-id-api
10:52:34 DEBUG [Main] [Geode]:         Enabled GJLevelList::dataLoaded hook at 0x140177ce0 for cvolton.level-id-api
10:52:34 DEBUG [Main] [Geode]:         Enabled GJLevelList::hasMatchingLevels hook at 0x140176980 for cvolton.level-id-api
10:52:34 DEBUG [Main] [Geode]:         Enabled LocalLevelManager::dataLoaded hook at 0x140330a00 for cvolton.level-id-api
10:52:34 DEBUG [Main] [Geode]:         Enabled LocalLevelManager::firstLoad hook at 0x140330910 for cvolton.level-id-api
10:52:34 DEBUG [Main] [Geode]:         Enabled GameManager::encodeDataTo hook at 0x140188fb0 for cvolton.level-id-api
10:52:34 DEBUG [Main] [Geode]:         Enabled GameManager::dataLoaded hook at 0x140186a90 for cvolton.level-id-api
10:52:34 DEBUG [Main] [Geode]:         Enabled GameLevelManager::deleteLevel hook at 0x140145050 for cvolton.level-id-api
10:52:34 DEBUG [Main] [Geode]:         Enabled GameLevelManager::deleteLevelList hook at 0x140145900 for cvolton.level-id-api
10:52:34 DEBUG [Main] [Geode]:         Enabled LevelCell::loadLocalLevelCell hook at 0x1400b0d70 for cvolton.level-id-api
10:52:34 DEBUG [Main] [Geode]:         Enabled LevelListCell::loadFromList hook at 0x1400becb0 for cvolton.level-id-api
10:52:34 INFO  [Main] [Geode]:       Loading mod cvolton.betterinfo v4.4.6
10:52:34 DEBUG [Main] [Geode]:         Unzipping .geode file
10:52:34 DEBUG [Main] [Geode]:         Same hash detected, skipping unzip
10:52:34 DEBUG [Main] [Geode]:         Loading binary
10:52:34 DEBUG [Main] [Geode]:         Loading binary for mod cvolton.betterinfo
10:52:34 DEBUG [Main] [Geode]:         Enabled ChallengesPage::init hook at 0x140085350 for cvolton.betterinfo
10:52:34 DEBUG [Main] [Geode]:         Enabled ChallengesPage::createChallengeNode hook at 0x1400860e0 for cvolton.betterinfo
10:52:34 DEBUG [Main] [Geode]:         Enabled ChallengesPage::updateTimers hook at 0x140086500 for cvolton.betterinfo
10:52:34 DEBUG [Main] [Geode]:         Enabled CommentCell::loadFromComment hook at 0x1400b5c00 for cvolton.betterinfo
10:52:34 DEBUG [Main] [Geode]:         Enabled CreatorLayer::init hook at 0x14009c140 for cvolton.betterinfo
10:52:34 DEBUG [Main] [Geode]:         Enabled CreatorLayer::sceneWillResume hook at 0x14009f860 for cvolton.betterinfo
10:52:34 DEBUG [Main] [Geode]:         Enabled CreatorLayer::onTopLists hook at 0x14009d9f0 for cvolton.betterinfo
10:52:34 DEBUG [Main] [Geode]:         Enabled DailyLevelNode::init hook at 0x1400d20c0 for cvolton.betterinfo
10:52:34 DEBUG [Main] [Geode]:         Enabled DailyLevelPage::init hook at 0x1400ce540 for cvolton.betterinfo
10:52:34 DEBUG [Main] [Geode]:         Enabled DailyLevelPage::updateTimers hook at 0x1400d1790 for cvolton.betterinfo
10:52:34 DEBUG [Main] [Geode]:         Enabled EditLevelLayer::init hook at 0x1400d5440 for cvolton.betterinfo
10:52:34 DEBUG [Main] [Geode]:         Enabled EditLevelLayer::onLevelInfo hook at 0x1400d6a30 for cvolton.betterinfo
10:52:34 DEBUG [Main] [Geode]:         Enabled FriendsProfilePage::init hook at 0x14013fda0 for cvolton.betterinfo
10:52:34 DEBUG [Main] [Geode]:         Enabled FriendsProfilePage::onClose hook at 0x140140c20 for cvolton.betterinfo
10:52:34 DEBUG [Main] [Geode]:         Enabled GJBaseGameLayer::init hook at 0x140206f30 for cvolton.betterinfo
10:52:34 DEBUG [Main] [Geode]:         Enabled GJGameLevel::create hook at 0x14016ae30 for cvolton.betterinfo
10:52:34 DEBUG [Main] [Geode]:         Enabled GJLevelList::showListInfo hook at 0x140177910 for cvolton.betterinfo
10:52:34 DEBUG [Main] [Geode]:         Enabled GJMessageCell::loadFromMessage hook at 0x1400bd500 for cvolton.betterinfo
10:52:34 DEBUG [Main] [Geode]:         Enabled FRequestProfilePage::setupCommentsBrowser hook at 0x14013f670 for cvolton.betterinfo
10:52:34 DEBUG [Main] [Geode]:         Enabled GJRequestCell::FLAlert_Clicked hook at 0x1400bcf10 for cvolton.betterinfo
10:52:34 DEBUG [Main] [Geode]:         Enabled GJRequestCell::markAsRead hook at 0x1400bcc70 for cvolton.betterinfo
10:52:34 DEBUG [Main] [Geode]:         Enabled GJRequestCell::onViewFriendRequest hook at 0x1400bcbc0 for cvolton.betterinfo
10:52:34 DEBUG [Main] [Geode]:         Enabled FriendRequestPopup::init hook at 0x140295b10 for cvolton.betterinfo
10:52:34 DEBUG [Main] [Geode]:         Enabled FriendRequestPopup::onClose hook at 0x140296aa0 for cvolton.betterinfo
10:52:34 DEBUG [Main] [Geode]:         Enabled GJScoreCell::loadFromScore hook at 0x1400b8490 for cvolton.betterinfo
10:52:34 DEBUG [Main] [Geode]:         Enabled GameLevelManager::deleteLevel hook at 0x140145050 for cvolton.betterinfo
10:52:34 DEBUG [Main] [Geode]:         Enabled GameLevelManager::getCompletedLevels hook at 0x1401478a0 for cvolton.betterinfo
10:52:34 DEBUG [Main] [Geode]:         Enabled GameLevelManager::getSavedLevels hook at 0x140147450 for cvolton.betterinfo
10:52:34 DEBUG [Main] [Geode]:         Enabled GameLevelManager::userNameForUserID hook at 0x140145ef0 for cvolton.betterinfo
10:52:34 DEBUG [Main] [Geode]:         Enabled GameLevelManager::limitSavedLevels hook at 0x14014a190 for cvolton.betterinfo
10:52:34 DEBUG [Main] [Geode]:         Enabled GameLevelManager::onProcessHttpRequestCompleted hook at 0x140142f00 for cvolton.betterinfo
10:52:34 DEBUG [Main] [Geode]:         Enabled InfoLayer::init hook at 0x1402baa70 for cvolton.betterinfo
10:52:34 DEBUG [Main] [Geode]:         Enabled InfoLayer::loadPage hook at 0x1402be350 for cvolton.betterinfo
10:52:34 DEBUG [Main] [Geode]:         Enabled InfoLayer::onLevelInfo hook at 0x1402bdbb0 for cvolton.betterinfo
10:52:34 DEBUG [Main] [Geode]:         Enabled InfoLayer::onMore hook at 0x1402bd4d0 for cvolton.betterinfo
10:52:34 DEBUG [Main] [Geode]:         Enabled InfoLayer::setupCommentsBrowser hook at 0x1402be8c0 for cvolton.betterinfo
10:52:34 DEBUG [Main] [Geode]:         Enabled ItemInfoPopup::init hook at 0x14027b8a0 for cvolton.betterinfo
10:52:34 DEBUG [Main] [Geode]:         Enabled LeaderboardsLayer::init hook at 0x1402c13c0 for cvolton.betterinfo
10:52:34 DEBUG [Main] [Geode]:         Enabled LevelAreaInnerLayer::init hook at 0x1402c64e0 for cvolton.betterinfo
10:52:34 DEBUG [Main] [Geode]:         Enabled LevelBrowserLayer::loadLevelsFinished hook at 0x1402cc420 for cvolton.betterinfo
10:52:34 DEBUG [Main] [Geode]:         Enabled LevelBrowserLayer::getSearchTitle hook at 0x1402cbbc0 for cvolton.betterinfo
10:52:34 DEBUG [Main] [Geode]:         Enabled LevelBrowserLayer::setupPageInfo hook at 0x1402cc5a0 for cvolton.betterinfo
10:52:34 DEBUG [Main] [Geode]:         Enabled LevelBrowserLayer::init hook at 0x1402c8c60 for cvolton.betterinfo
10:52:34 DEBUG [Main] [Geode]:         Enabled LevelBrowserLayer::loadPage hook at 0x1402ca720 for cvolton.betterinfo
10:52:34 DEBUG [Main] [Geode]:         Enabled LevelBrowserLayer::onInfo hook at 0x1402ccfd0 for cvolton.betterinfo
10:52:34 DEBUG [Main] [Geode]:         Enabled LevelBrowserLayer::onGoToPage hook at 0x1402cc890 for cvolton.betterinfo
10:52:34 DEBUG [Main] [Geode]:         Enabled LevelCell::loadCustomLevelCell hook at 0x1400ae230 for cvolton.betterinfo
10:52:34 DEBUG [Main] [Geode]:         Enabled LevelCell::onViewProfile hook at 0x1400b1a20 for cvolton.betterinfo
10:52:34 DEBUG [Main] [Geode]:         Enabled LevelInfoLayer::init hook at 0x1402f7340 for cvolton.betterinfo
10:52:34 DEBUG [Main] [Geode]:         Enabled LevelInfoLayer::onLevelInfo hook at 0x1402fef60 for cvolton.betterinfo
10:52:34 DEBUG [Main] [Geode]:         Enabled LevelInfoLayer::onViewProfile hook at 0x1402feeb0 for cvolton.betterinfo
10:52:34 DEBUG [Main] [Geode]:         Enabled LevelInfoLayer::updateLabelValues hook at 0x1402ff420 for cvolton.betterinfo
10:52:34 DEBUG [Main] [Geode]:         Enabled LevelLeaderboard::init hook at 0x140300b10 for cvolton.betterinfo
10:52:34 DEBUG [Main] [Geode]:         Enabled LevelListCell::loadFromList hook at 0x1400becb0 for cvolton.betterinfo
10:52:34 DEBUG [Main] [Geode]:         Enabled LevelListLayer::init hook at 0x140303640 for cvolton.betterinfo
10:52:34 DEBUG [Main] [Geode]:         Enabled LevelListLayer::onClaimReward hook at 0x1403060a0 for cvolton.betterinfo
10:52:34 DEBUG [Main] [Geode]:         Enabled LevelListLayer::onFavorite hook at 0x140307730 for cvolton.betterinfo
10:52:34 DEBUG [Main] [Geode]:         Enabled LevelPage::onInfo hook at 0x14031ddf0 for cvolton.betterinfo
10:52:34 DEBUG [Main] [Geode]:         Enabled LevelSearchLayer::clearFilters hook at 0x14030e790 for cvolton.betterinfo
10:52:34 DEBUG [Main] [Geode]:         Enabled LevelSearchLayer::getSearchObject hook at 0x14030fd80 for cvolton.betterinfo
10:52:34 DEBUG [Main] [Geode]:         Enabled MoreSearchLayer::onSongFilter hook at 0x140315e70 for cvolton.betterinfo
10:52:34 DEBUG [Main] [Geode]:         Enabled MoreSearchLayer::init hook at 0x140312bd0 for cvolton.betterinfo
10:52:34 DEBUG [Main] [Geode]:         Enabled MoreSearchLayer::onSongMode hook at 0x140316b90 for cvolton.betterinfo
10:52:34 DEBUG [Main] [Geode]:         Enabled PlayLayer::resetLevel hook at 0x1403b8eb0 for cvolton.betterinfo
10:52:34 DEBUG [Main] [Geode]:         Enabled PlayLayer::onQuit hook at 0x1403babb0 for cvolton.betterinfo
10:52:34 DEBUG [Main] [Geode]:         Enabled PlayLayer::init hook at 0x1403a5b00 for cvolton.betterinfo
10:52:34 DEBUG [Main] [Geode]:         Enabled PlayLayer::levelComplete hook at 0x1403a7a80 for cvolton.betterinfo
10:52:34 DEBUG [Main] [Geode]:         Enabled ProfilePage::getUserInfoFailed hook at 0x1403c5fd0 for cvolton.betterinfo
10:52:34 DEBUG [Main] [Geode]:         Enabled ProfilePage::init hook at 0x1403be840 for cvolton.betterinfo
10:52:34 DEBUG [Main] [Geode]:         Enabled ProfilePage::loadPageFromUserInfo hook at 0x1403bfe80 for cvolton.betterinfo
10:52:34 DEBUG [Main] [Geode]:         Enabled RewardsPage::init hook at 0x1403cc490 for cvolton.betterinfo
10:52:34 DEBUG [Main] [Geode]:         Enabled GJGameLevel::lengthKeyToString hook at 0x14016cbd0 for cvolton.betterinfo
10:52:34 DEBUG [Main] [Geode]:         Enabled MenuLayer::init hook at 0x140333a90 for cvolton.betterinfo
10:52:34 INFO  [Main] [Geode]:       Loading mod eclipse.eclipse-menu v1.9.4
10:52:34 DEBUG [Main] [Geode]:         Unzipping .geode file
10:52:34 DEBUG [Main] [Geode]:         Same hash detected, skipping unzip
10:52:34 DEBUG [Main] [Geode]:         Loading binary
10:52:34 DEBUG [Main] [Geode]:         Loading binary for mod eclipse.eclipse-menu
10:52:34 DEBUG [Main] [Geode]:         Enabled cocos2d::CCMouseDispatcher::dispatchScrollMSG hook at 0x6ffffcdc0cc0 for eclipse.eclipse-menu
10:52:34 DEBUG [Main] [Geode]:         Enabled cocos2d::CCIMEDispatcher::dispatchInsertText hook at 0x6ffffce14ae0 for eclipse.eclipse-menu
10:52:34 DEBUG [Main] [Geode]:         Enabled cocos2d::CCIMEDispatcher::dispatchDeleteBackward hook at 0x6ffffce14aa0 for eclipse.eclipse-menu
10:52:34 DEBUG [Main] [Geode]:         Enabled cocos2d::CCTouchDispatcher::touches hook at 0x6ffffce13250 for eclipse.eclipse-menu
10:52:34 DEBUG [Main] [Geode]:         Enabled cocos2d::CCEGLView::swapBuffers hook at 0x6ffffcdd8dc0 for eclipse.eclipse-menu
10:52:34 DEBUG [Main] [Geode]:         Enabled cocos2d::CCEGLView::toggleFullScreen hook at 0x6ffffcdd8de0 for eclipse.eclipse-menu
10:52:34 DEBUG [Main] [Geode]:         Enabled GJBaseGameLayer::processCommands hook at 0x140239c60 for eclipse.eclipse-menu
10:52:34 DEBUG [Main] [Geode]:         Enabled PlayLayer::destroyPlayer hook at 0x1403b39d0 for eclipse.eclipse-menu
10:52:34 DEBUG [Main] [Geode]:         Enabled PlayLayer::resetLevel hook at 0x1403b8eb0 for eclipse.eclipse-menu
10:52:34 DEBUG [Main] [Geode]:         Enabled PlayLayer::addObject hook at 0x1403add70 for eclipse.eclipse-menu
10:52:34 DEBUG [Main] [Geode]:         Enabled PlayLayer::init hook at 0x1403a5b00 for eclipse.eclipse-menu
10:52:34 DEBUG [Main] [Geode]:         Enabled PlayLayer::levelComplete hook at 0x1403a7a80 for eclipse.eclipse-menu
10:52:34 DEBUG [Main] [Geode]:         Enabled cocos2d::CCEGLViewProtocol::setFrameSize hook at 0x6ffffcdcc070 for eclipse.eclipse-menu
10:52:34 DEBUG [Main] [Geode]:         Enabled cocos2d::CCEGLView::toggleFullScreen hook at 0x6ffffcdd8de0 for eclipse.eclipse-menu
10:52:34 WARN  [Main] [Eclipse]:       Failed to read config file: Unable to open file: File not found., creating a new one.
10:52:34 DEBUG [Main] [Geode]:         Enabled PlayLayer::onQuit hook at 0x1403babb0 for eclipse.eclipse-menu
10:52:34 DEBUG [Main] [Geode]:         Enabled PlayLayer::init hook at 0x1403a5b00 for eclipse.eclipse-menu
10:52:34 DEBUG [Main] [Geode]:         Enabled LevelEditorLayer::init hook at 0x1402d1dd0 for eclipse.eclipse-menu
10:52:34 DEBUG [Main] [Geode]:         Enabled ShaderLayer::visit hook at 0x140488a60 for eclipse.eclipse-menu
10:52:34 DEBUG [Main] [Geode]:         Enabled cocos2d::CCScheduler::update hook at 0x6ffffce22b60 for eclipse.eclipse-menu
10:52:34 DEBUG [Main] [Geode]:         Enabled GJBaseGameLayer::update hook at 0x140237850 for eclipse.eclipse-menu
10:52:34 DEBUG [Main] [Geode]:         Enabled PlayLayer::resetLevel hook at 0x1403b8eb0 for eclipse.eclipse-menu
10:52:34 DEBUG [Main] [Geode]:         Enabled PlayLayer::levelComplete hook at 0x1403a7a80 for eclipse.eclipse-menu
10:52:34 DEBUG [Main] [Geode]:         Enabled PlayLayer::onQuit hook at 0x1403babb0 for eclipse.eclipse-menu
10:52:34 DEBUG [Main] [Geode]:         Enabled GameManager::reloadAllStep5 hook at 0x14018a7d0 for eclipse.eclipse-menu
10:52:34 DEBUG [Main] [Geode]:         Enabled MenuLayer::init hook at 0x140333a90 for eclipse.eclipse-menu
10:52:34 DEBUG [Main] [Geode]:         Enabled GJBaseGameLayer::createPlayer hook at 0x14020b310 for eclipse.eclipse-menu
10:52:34 DEBUG [Main] [Geode]:         Enabled PlayLayer::destroyPlayer hook at 0x1403b39d0 for eclipse.eclipse-menu
10:52:34 DEBUG [Main] [Geode]:         Enabled PlayLayer::postUpdate hook at 0x1403b4ba0 for eclipse.eclipse-menu
10:52:34 DEBUG [Main] [Geode]:         Enabled PlayLayer::resetLevel hook at 0x1403b8eb0 for eclipse.eclipse-menu
10:52:34 DEBUG [Main] [Geode]:         Enabled GJBaseGameLayer::processCommands hook at 0x140239c60 for eclipse.eclipse-menu
10:52:34 DEBUG [Main] [Geode]:         Enabled PlayerObject::toggleGhostEffect hook at 0x14039ee30 for eclipse.eclipse-menu
10:52:34 DEBUG [Main] [Geode]:         Enabled PlayerObject::toggleVisibility hook at 0x14038b440 for eclipse.eclipse-menu
10:52:34 DEBUG [Main] [Geode]:         Enabled PlayLayer::resetLevel hook at 0x1403b8eb0 for eclipse.eclipse-menu
10:52:34 DEBUG [Main] [Geode]:         Enabled PlayLayer::addObject hook at 0x1403add70 for eclipse.eclipse-menu
10:52:34 DEBUG [Main] [Geode]:         Enabled PlayLayer::createObjectsFromSetupFinished hook at 0x1403ad8d0 for eclipse.eclipse-menu
10:52:34 DEBUG [Main] [Geode]:         Enabled PlayLayer::init hook at 0x1403a5b00 for eclipse.eclipse-menu
10:52:34 DEBUG [Main] [Geode]:         Enabled PlayLayer::addObject hook at 0x1403add70 for eclipse.eclipse-menu
10:52:34 DEBUG [Main] [Geode]:         Enabled GJBaseGameLayer::addToGroups hook at 0x140223f40 for eclipse.eclipse-menu
10:52:34 DEBUG [Main] [Geode]:         Enabled PlayLayer::resetLevel hook at 0x1403b8eb0 for eclipse.eclipse-menu
10:52:34 DEBUG [Main] [Geode]:         Enabled PlayLayer::loadFromCheckpoint hook at 0x1403b7640 for eclipse.eclipse-menu
10:52:34 DEBUG [Main] [Geode]:         Enabled PlayLayer::createCheckpoint hook at 0x1403b4fc0 for eclipse.eclipse-menu
10:52:34 DEBUG [Main] [Geode]:         Enabled PlayLayer::removeCheckpoint hook at 0x1403b7f00 for eclipse.eclipse-menu
10:52:34 DEBUG [Main] [Geode]:         Enabled PlayLayer::storeCheckpoint hook at 0x1403b74a0 for eclipse.eclipse-menu
10:52:34 DEBUG [Main] [Geode]:         Enabled GJBaseGameLayer::processCommands hook at 0x140239c60 for eclipse.eclipse-menu
10:52:34 DEBUG [Main] [Geode]:         Enabled PlayLayer::updateVisibility hook at 0x1403af3a0 for eclipse.eclipse-menu
10:52:34 DEBUG [Main] [Geode]:         Enabled PlayLayer::createObjectsFromSetupFinished hook at 0x1403ad8d0 for eclipse.eclipse-menu
10:52:34 DEBUG [Main] [Geode]:         Enabled PlayLayer::destroyPlayer hook at 0x1403b39d0 for eclipse.eclipse-menu
10:52:34 DEBUG [Main] [Geode]:         Enabled PlayLayer::resetLevel hook at 0x1403b8eb0 for eclipse.eclipse-menu
10:52:34 DEBUG [Main] [Geode]:         Enabled PlayerObject::playerDestroyed hook at 0x140397d40 for eclipse.eclipse-menu
10:52:34 DEBUG [Main] [Geode]:         Enabled LevelEditorLayer::updateVisibility hook at 0x1402d8e70 for eclipse.eclipse-menu
10:52:34 DEBUG [Main] [Geode]:         Enabled LevelEditorLayer::init hook at 0x1402d1dd0 for eclipse.eclipse-menu
10:52:34 DEBUG [Main] [Geode]:         Enabled EditorUI::onPlaytest hook at 0x1401120b0 for eclipse.eclipse-menu
10:52:34 DEBUG [Main] [Geode]:         Enabled PlayLayer::resetLevel hook at 0x1403b8eb0 for eclipse.eclipse-menu
10:52:34 DEBUG [Main] [Geode]:         Enabled PlayLayer::addObject hook at 0x1403add70 for eclipse.eclipse-menu
10:52:34 DEBUG [Main] [Geode]:         Enabled PlayLayer::init hook at 0x1403a5b00 for eclipse.eclipse-menu
10:52:34 DEBUG [Main] [Geode]:         Enabled GJBaseGameLayer::spawnParticle hook at 0x1402402e0 for eclipse.eclipse-menu
10:52:34 DEBUG [Main] [Geode]:         Enabled PlayerObject::updateTimeMod hook at 0x1403a0d50 for eclipse.eclipse-menu
10:52:34 DEBUG [Main] [Geode]:         Enabled GJBaseGameLayer::update hook at 0x140237850 for eclipse.eclipse-menu
10:52:34 DEBUG [Main] [Geode]:         Enabled PlayLayer::pauseGame hook at 0x1403ba0e0 for eclipse.eclipse-menu
10:52:34 DEBUG [Main] [Geode]:         Enabled PlayLayer::resetLevel hook at 0x1403b8eb0 for eclipse.eclipse-menu
10:52:34 DEBUG [Main] [Geode]:         Enabled PlayLayer::onQuit hook at 0x1403babb0 for eclipse.eclipse-menu
10:52:34 DEBUG [Main] [Geode]:         Enabled PlayLayer::init hook at 0x1403a5b00 for eclipse.eclipse-menu
10:52:34 DEBUG [Main] [Geode]:         Enabled LevelEditorLayer::init hook at 0x1402d1dd0 for eclipse.eclipse-menu
10:52:34 DEBUG [Main] [Geode]:         Enabled LevelEditorLayer::onPlaytest hook at 0x1402dfcd0 for eclipse.eclipse-menu
10:52:34 DEBUG [Main] [Geode]:         Enabled OBB2D::calculateWithCenter hook at 0x14006da80 for eclipse.eclipse-menu
10:52:34 DEBUG [Main] [Geode]:         Enabled PlayLayer::init hook at 0x1403a5b00 for eclipse.eclipse-menu
10:52:34 DEBUG [Main] [Geode]:         Enabled PlayLayer::resetLevel hook at 0x1403b8eb0 for eclipse.eclipse-menu
10:52:34 DEBUG [Main] [Geode]:         Enabled PlayLayer::init hook at 0x1403a5b00 for eclipse.eclipse-menu
10:52:34 DEBUG [Main] [Geode]:         Enabled PauseLayer::customSetup hook at 0x14037c870 for eclipse.eclipse-menu
10:52:34 DEBUG [Main] [Geode]:         Enabled PlayerObject::pushButton hook at 0x140397f40 for eclipse.eclipse-menu
10:52:34 DEBUG [Main] [Geode]:         Enabled PlayLayer::resetLevel hook at 0x1403b8eb0 for eclipse.eclipse-menu
10:52:34 DEBUG [Main] [Geode]:         Enabled PlayLayer::init hook at 0x1403a5b00 for eclipse.eclipse-menu
10:52:34 DEBUG [Main] [Geode]:         Enabled UILayer::init hook at 0x1404ccb00 for eclipse.eclipse-menu
10:52:34 DEBUG [Main] [Geode]:         Enabled GJBaseGameLayer::hasUniqueCoin hook at 0x140216700 for eclipse.eclipse-menu
10:52:34 DEBUG [Main] [Geode]:         Enabled PlayLayer::addObject hook at 0x1403add70 for eclipse.eclipse-menu
10:52:34 DEBUG [Main] [Geode]:         Enabled PlayLayer::destroyPlayer hook at 0x1403b39d0 for eclipse.eclipse-menu
10:52:34 DEBUG [Main] [Geode]:         Enabled PlayLayer::resetLevel hook at 0x1403b8eb0 for eclipse.eclipse-menu
10:52:34 DEBUG [Main] [Geode]:         Enabled PlayLayer::init hook at 0x1403a5b00 for eclipse.eclipse-menu
10:52:34 DEBUG [Main] [Geode]:         Enabled PlayLayer::levelComplete hook at 0x1403a7a80 for eclipse.eclipse-menu
10:52:34 DEBUG [Main] [Geode]:         Enabled PlayerObject::incrementJumps hook at 0x14038cba0 for eclipse.eclipse-menu
10:52:34 DEBUG [Main] [Geode]:         Enabled RetryLevelLayer::customSetup hook at 0x1403cb060 for eclipse.eclipse-menu
10:52:34 DEBUG [Main] [Geode]:         Enabled EndLevelLayer::customSetup hook at 0x140132e50 for eclipse.eclipse-menu
10:52:34 DEBUG [Main] [Geode]:         Enabled LevelPage::onPlay hook at 0x14031d880 for eclipse.eclipse-menu
10:52:34 DEBUG [Main] [Geode]:         Enabled EditLevelLayer::onPlay hook at 0x1400d7e50 for eclipse.eclipse-menu
10:52:34 DEBUG [Main] [Geode]:         Enabled LevelInfoLayer::onPlay hook at 0x1402fc430 for eclipse.eclipse-menu
10:52:34 DEBUG [Main] [Geode]:         Enabled FMODAudioEngine::update hook at 0x1400553c0 for eclipse.eclipse-menu
10:52:34 DEBUG [Main] [Geode]:         Enabled GameManager::setGameVariable hook at 0x140182eb0 for eclipse.eclipse-menu
10:52:34 DEBUG [Main] [Geode]:         Enabled CustomListView::create hook at 0x1400aa720 for eclipse.eclipse-menu
10:52:34 DEBUG [Main] [Geode]:         Enabled LevelCell::loadLocalLevelCell hook at 0x1400b0d70 for eclipse.eclipse-menu
10:52:34 DEBUG [Main] [Geode]:         Enabled LevelCell::onClick hook at 0x1400b1800 for eclipse.eclipse-menu
10:52:34 DEBUG [Main] [Geode]:         Enabled GJBaseGameLayer::init hook at 0x140206f30 for eclipse.eclipse-menu
10:52:34 DEBUG [Main] [Geode]:         Enabled GameManager::setGameVariable hook at 0x140182eb0 for eclipse.eclipse-menu
10:52:34 DEBUG [Main] [Geode]:         Enabled EditorUI::init hook at 0x1400df390 for eclipse.eclipse-menu
10:52:34 DEBUG [Main] [Geode]:         Enabled LevelTools::verifyLevelIntegrity hook at 0x14032d3c0 for eclipse.eclipse-menu
10:52:34 DEBUG [Main] [Geode]:         Enabled GameManager::isColorUnlocked hook at 0x14017c8e0 for eclipse.eclipse-menu
10:52:34 DEBUG [Main] [Geode]:         Enabled GameManager::isIconUnlocked hook at 0x14017c500 for eclipse.eclipse-menu
10:52:34 DEBUG [Main] [Geode]:         Enabled GameStatsManager::isItemUnlocked hook at 0x1401e5820 for eclipse.eclipse-menu
10:52:34 DEBUG [Main] [Geode]:         Enabled GameLevelManager::getMainLevel hook at 0x140144450 for eclipse.eclipse-menu
10:52:34 DEBUG [Main] [Geode]:         Enabled LevelPage::addSecretDoor hook at 0x14031cab0 for eclipse.eclipse-menu
10:52:34 DEBUG [Main] [Geode]:         Enabled LevelInfoLayer::confirmClone hook at 0x1402fd860 for eclipse.eclipse-menu
10:52:34 DEBUG [Main] [Geode]:         Enabled LevelInfoLayer::init hook at 0x1402f7340 for eclipse.eclipse-menu
10:52:34 DEBUG [Main] [Geode]:         Enabled LevelInfoLayer::onBack hook at 0x140300730 for eclipse.eclipse-menu
10:52:34 DEBUG [Main] [Geode]:         Enabled GameStatsManager::isItemUnlocked hook at 0x1401e5820 for eclipse.eclipse-menu
10:52:34 DEBUG [Main] [Geode]:         Enabled GameStatsManager::isItemUnlocked hook at 0x1401e5820 for eclipse.eclipse-menu
10:52:34 DEBUG [Main] [Geode]:         Enabled GJBaseGameLayer::processCommands hook at 0x140239c60 for eclipse.eclipse-menu
10:52:34 WARN  [Main] [Geode]:         CustomButton contains unknown key "default"
10:52:34 DEBUG [Main] [Geode]:         Enabled PlayLayer::resetLevel hook at 0x1403b8eb0 for eclipse.eclipse-menu
10:52:34 DEBUG [Main] [Geode]:         Enabled PlayLayer::loadFromCheckpoint hook at 0x1403b7640 for eclipse.eclipse-menu
10:52:34 DEBUG [Main] [Geode]:         Enabled PlayLayer::init hook at 0x1403a5b00 for eclipse.eclipse-menu
10:52:34 DEBUG [Main] [Geode]:         Enabled PlayLayer::markCheckpoint hook at 0x1403b7570 for eclipse.eclipse-menu
10:52:34 DEBUG [Main] [Geode]:         Enabled PlayLayer::pauseGame hook at 0x1403ba0e0 for eclipse.eclipse-menu
10:52:34 DEBUG [Main] [Geode]:         Enabled GJBaseGameLayer::processQueuedButtons hook at 0x140231d10 for eclipse.eclipse-menu
10:52:34 DEBUG [Main] [Geode]:         Enabled GJBaseGameLayer::handleButton hook at 0x1402338e0 for eclipse.eclipse-menu
10:52:34 DEBUG [Main] [Geode]:         Enabled EditorUI::onPlaytest hook at 0x1401120b0 for eclipse.eclipse-menu
10:52:34 DEBUG [Main] [Geode]:         Enabled PlayLayer::postUpdate hook at 0x1403b4ba0 for eclipse.eclipse-menu
10:52:34 DEBUG [Main] [Geode]:         Enabled PlayLayer::resetLevel hook at 0x1403b8eb0 for eclipse.eclipse-menu
10:52:34 DEBUG [Main] [Geode]:         Enabled PlayLayer::togglePracticeMode hook at 0x1403b9e50 for eclipse.eclipse-menu
10:52:34 DEBUG [Main] [Geode]:         Enabled PlayLayer::onQuit hook at 0x1403babb0 for eclipse.eclipse-menu
10:52:34 DEBUG [Main] [Geode]:         Enabled PlayLayer::loadFromCheckpoint hook at 0x1403b7640 for eclipse.eclipse-menu
10:52:34 DEBUG [Main] [Geode]:         Enabled PlayLayer::pauseGame hook at 0x1403ba0e0 for eclipse.eclipse-menu
10:52:34 INFO  [Main] [Eclipse]:       Removing outdated languages...
10:52:34 INFO  [Main] [Eclipse]:       TPS Bypass: Patch enabled at offset 0x237A5B
10:52:34 DEBUG [Main] [Geode]:         Disabled PlayLayer::postUpdate hook
10:52:34 DEBUG [Main] [Geode]:         Disabled PlayLayer::resetLevel hook
10:52:34 DEBUG [Main] [Geode]:         Disabled PlayLayer::togglePracticeMode hook
10:52:34 DEBUG [Main] [Geode]:         Disabled PlayLayer::onQuit hook
10:52:34 DEBUG [Main] [Geode]:         Disabled PlayLayer::loadFromCheckpoint hook
10:52:34 DEBUG [Main] [Geode]:         Disabled PlayLayer::pauseGame hook
10:52:34 WARN  [Main] [Eclipse]:       Keybind with ID '' not found
10:52:34 INFO  [Main] [Eclipse]:       Initializing Discord RPC
10:52:34 WARN  [Main] [Eclipse]:       Keybind with ID '' not found
10:52:34 WARN  [Main] [Eclipse]:       Keybind with ID '' not found
10:52:34 WARN  [Main] [Eclipse]:       Keybind with ID '' not found
10:52:34 WARN  [Main] [Eclipse]:       Keybind with ID '' not found
10:52:34 ERROR [Main] [Eclipse]:       Failed to read theme file: Unable to open file: File not found.
10:52:34 INFO  [Main] [Eclipse]:       Added bitmap fonts to search path: Z:\home\khoablabla\.local\share\Steam\steamapps\common\Geometry Dash\geode\config\eclipse.eclipse-menu\bmfonts
10:52:34 INFO  [Main] [Geode]:       Loading mod thesillydoggo.qolmod v2.8.6
10:52:34 DEBUG [Main] [Geode]:         Unzipping .geode file
10:52:34 DEBUG [Main] [Geode]:         Same hash detected, skipping unzip
10:52:34 DEBUG [Main] [Geode]:         Loading binary
10:52:34 DEBUG [Main] [Geode]:         Loading binary for mod thesillydoggo.qolmod
10:52:34 DEBUG [Main] [Geode]:         Enabled GameManager::reloadAllStep5 hook at 0x14018a7d0 for thesillydoggo.qolmod
10:52:34 DEBUG [Main] [Geode]:         Enabled cocos2d::CCTouchDispatcher::touches hook at 0x6ffffce13250 for thesillydoggo.qolmod
10:52:34 DEBUG [Main] [Geode]:         Enabled MenuLayer::init hook at 0x140333a90 for thesillydoggo.qolmod
10:52:34 DEBUG [Main] [Geode]:         Enabled PlayLayer::createObjectsFromSetupFinished hook at 0x1403ad8d0 for thesillydoggo.qolmod
10:52:34 DEBUG [Main] [Geode]:         Enabled PlayLayer::postUpdate hook at 0x1403b4ba0 for thesillydoggo.qolmod
10:52:34 DEBUG [Main] [Geode]:         Enabled PlayLayer::addObject hook at 0x1403add70 for thesillydoggo.qolmod
10:52:34 DEBUG [Main] [Geode]:         Enabled PlayLayer::init hook at 0x1403a5b00 for thesillydoggo.qolmod
10:52:34 DEBUG [Main] [Geode]:         Enabled PlayerObject::toggleGhostEffect hook at 0x14039ee30 for thesillydoggo.qolmod
10:52:34 DEBUG [Main] [Geode]:         Enabled PlayerObject::update hook at 0x140388d80 for thesillydoggo.qolmod
10:52:34 DEBUG [Main] [Geode]:         Enabled PlayLayer::levelComplete hook at 0x1403a7a80 for thesillydoggo.qolmod
10:52:34 DEBUG [Main] [Geode]:         Enabled EndLevelLayer::onReplay hook at 0x140134e80 for thesillydoggo.qolmod
10:52:34 DEBUG [Main] [Geode]:         Enabled PlayerObject::updateRotation hook at 0x140391020 for thesillydoggo.qolmod
10:52:34 DEBUG [Main] [Geode]:         Enabled cocos2d::ccDrawCircle hook at 0x6ffffcd70a40 for thesillydoggo.qolmod
10:52:34 DEBUG [Main] [Geode]:         Enabled PlayerObject::init hook at 0x140386770 for thesillydoggo.qolmod
10:52:34 DEBUG [Main] [Geode]:         Enabled cocos2d::CCMotionStreak::update hook at 0x6ffffcdbd210 for thesillydoggo.qolmod
10:52:34 DEBUG [Main] [Geode]:         Enabled GJBaseGameLayer::updateCamera hook at 0x14023bcf0 for thesillydoggo.qolmod
10:52:34 DEBUG [Main] [Geode]:         Enabled CCCircleWave::draw hook at 0x140042e40 for thesillydoggo.qolmod
10:52:34 DEBUG [Main] [Geode]:         Enabled CCCircleWave::init hook at 0x140042920 for thesillydoggo.qolmod
10:52:34 DEBUG [Main] [Geode]:         Enabled PlayerObject::update hook at 0x140388d80 for thesillydoggo.qolmod
10:52:34 DEBUG [Main] [Geode]:         Enabled PlayerObject::playDeathEffect hook at 0x14037ef10 for thesillydoggo.qolmod
10:52:34 DEBUG [Main] [Geode]:         Enabled PlayLayer::addObject hook at 0x1403add70 for thesillydoggo.qolmod
10:52:34 DEBUG [Main] [Geode]:         Enabled PlayLayer::updateInvisibleBlock hook at 0x1403b03b0 for thesillydoggo.qolmod
10:52:34 DEBUG [Main] [Geode]:         Enabled GJBaseGameLayer::lightningFlash hook at 0x140246d00 for thesillydoggo.qolmod
10:52:34 DEBUG [Main] [Geode]:         Enabled PlayLayer::updateVisibility hook at 0x1403af3a0 for thesillydoggo.qolmod
10:52:34 DEBUG [Main] [Geode]:         Enabled PlayerObject::animatePlatformerJump hook at 0x14038cc80 for thesillydoggo.qolmod
10:52:34 DEBUG [Main] [Geode]:         Enabled PlayerObject::init hook at 0x140386770 for thesillydoggo.qolmod
10:52:34 DEBUG [Main] [Geode]:         Enabled PlayerObject::playSpawnEffect hook at 0x140397480 for thesillydoggo.qolmod
10:52:34 DEBUG [Main] [Geode]:         Enabled PlayerObject::update hook at 0x140388d80 for thesillydoggo.qolmod
10:52:34 DEBUG [Main] [Geode]:         Enabled ShaderLayer::performCalculations hook at 0x1404880b0 for thesillydoggo.qolmod
10:52:34 DEBUG [Main] [Geode]:         Enabled PlayerObject::update hook at 0x140388d80 for thesillydoggo.qolmod
10:52:34 DEBUG [Main] [Geode]:         Enabled PlayerObject::playSpiderDashEffect hook at 0x140395170 for thesillydoggo.qolmod
10:52:34 DEBUG [Main] [Geode]:         Enabled PlayerObject::update hook at 0x140388d80 for thesillydoggo.qolmod
10:52:34 DEBUG [Main] [Geode]:         Enabled HardStreak::updateStroke hook at 0x1402b8ef0 for thesillydoggo.qolmod
10:52:34 DEBUG [Main] [Geode]:         Enabled HardStreak::updateStroke hook at 0x1402b8ef0 for thesillydoggo.qolmod
10:52:34 DEBUG [Main] [Geode]:         Enabled GJBaseGameLayer::createCustomParticle hook at 0x140240d80 for thesillydoggo.qolmod
10:52:34 DEBUG [Main] [Geode]:         Enabled PlayerObject::addAllParticles hook at 0x140388670 for thesillydoggo.qolmod
10:52:34 DEBUG [Main] [Geode]:         Enabled PlayLayer::createObjectsFromSetupFinished hook at 0x1403ad8d0 for thesillydoggo.qolmod
10:52:34 DEBUG [Main] [Geode]:         Enabled GameObject::createAndAddParticle hook at 0x140198b20 for thesillydoggo.qolmod
10:52:34 DEBUG [Main] [Geode]:         Enabled cocos2d::CCParticleSystemQuad::draw hook at 0x6ffffcdca5e0 for thesillydoggo.qolmod
10:52:34 DEBUG [Main] [Geode]:         Enabled cocos2d::CCDrawNode::drawPolygon hook at 0x6ffffcd73190 for thesillydoggo.qolmod
10:52:34 DEBUG [Main] [Geode]:         Enabled HardStreak::updateStroke hook at 0x1402b8ef0 for thesillydoggo.qolmod
10:52:34 DEBUG [Main] [Geode]:         Enabled cocos2d::CCMotionStreak::initWithFade hook at 0x6ffffcdbce90 for thesillydoggo.qolmod
10:52:34 DEBUG [Main] [Geode]:         Enabled CCSpriteGrayscale::createWithSpriteFrameName hook at 0x140049090 for thesillydoggo.qolmod
10:52:34 DEBUG [Main] [Geode]:         Enabled CreatorLayer::init hook at 0x14009c140 for thesillydoggo.qolmod
10:52:34 DEBUG [Main] [Geode]:         Enabled PlayerObject::update hook at 0x140388d80 for thesillydoggo.qolmod
10:52:34 DEBUG [Main] [Geode]:         Enabled LevelInfoLayer::tryCloneLevel hook at 0x1402fd400 for thesillydoggo.qolmod
10:52:34 DEBUG [Main] [Geode]:         Enabled LevelInfoLayer::levelDownloadFinished hook at 0x1402fba60 for thesillydoggo.qolmod
10:52:34 DEBUG [Main] [Geode]:         Enabled LevelInfoLayer::init hook at 0x1402f7340 for thesillydoggo.qolmod
10:52:34 DEBUG [Main] [Geode]:         Enabled ShareLevelLayer::init hook at 0x14048eec0 for thesillydoggo.qolmod
10:52:34 DEBUG [Main] [Geode]:         Enabled HardStreak::updateStroke hook at 0x1402b8ef0 for thesillydoggo.qolmod
10:52:34 DEBUG [Main] [Geode]:         Enabled PlayerObject::update hook at 0x140388d80 for thesillydoggo.qolmod
10:52:34 DEBUG [Main] [Geode]:         Enabled PlayerObject::fadeOutStreak2 hook at 0x1403a0190 for thesillydoggo.qolmod
10:52:34 DEBUG [Main] [Geode]:         Enabled PlayerObject::placeStreakPoint hook at 0x1403a0680 for thesillydoggo.qolmod
10:52:34 DEBUG [Main] [Geode]:         Enabled EditorUI::init hook at 0x1400df390 for thesillydoggo.qolmod
10:52:34 DEBUG [Main] [Geode]:         Enabled PauseLayer::customSetup hook at 0x14037c870 for thesillydoggo.qolmod
10:52:34 DEBUG [Main] [Geode]:         Enabled PauseLayer::onTryEdit hook at 0x14037e550 for thesillydoggo.qolmod
10:52:34 DEBUG [Main] [Geode]:         Enabled EditorPauseLayer::customSetup hook at 0x1400da550 for thesillydoggo.qolmod
10:52:34 DEBUG [Main] [Geode]:         Enabled EditorUI::onNewCustomItem hook at 0x1400e4030 for thesillydoggo.qolmod
10:52:34 DEBUG [Main] [Geode]:         Enabled EditorUI::zoomIn hook at 0x140112640 for thesillydoggo.qolmod
10:52:34 DEBUG [Main] [Geode]:         Enabled EditorUI::scrollWheel hook at 0x1401267f0 for thesillydoggo.qolmod
10:52:34 DEBUG [Main] [Geode]:         Enabled EditorUI::zoomOut hook at 0x140112690 for thesillydoggo.qolmod
10:52:34 DEBUG [Main] [Geode]:         Enabled EditorPauseLayer::saveLevel hook at 0x1400dd840 for thesillydoggo.qolmod
10:52:34 DEBUG [Main] [Geode]:         Enabled SliderTouchLogic::ccTouchMoved hook at 0x1400715d0 for thesillydoggo.qolmod
10:52:34 DEBUG [Main] [Geode]:         Enabled GJScaleControl::ccTouchMoved hook at 0x14012a770 for thesillydoggo.qolmod
10:52:34 DEBUG [Main] [Geode]:         Enabled LevelEditorLayer::postUpdate hook at 0x1402e0f40 for thesillydoggo.qolmod
10:52:34 DEBUG [Main] [Geode]:         Enabled EditorOptionsLayer::onButtonRows hook at 0x140291a00 for thesillydoggo.qolmod
10:52:34 DEBUG [Main] [Geode]:         Enabled EditorOptionsLayer::onButtonsPerRow hook at 0x140291970 for thesillydoggo.qolmod
10:52:34 DEBUG [Main] [Geode]:         Enabled ShareLevelLayer::onShare hook at 0x140490270 for thesillydoggo.qolmod
10:52:34 DEBUG [Main] [Geode]:         Enabled ShareLevelLayer::init hook at 0x14048eec0 for thesillydoggo.qolmod
10:52:34 DEBUG [Main] [Geode]:         Enabled LevelEditorLayer::postUpdate hook at 0x1402e0f40 for thesillydoggo.qolmod
10:52:34 DEBUG [Main] [Geode]:         Enabled LevelEditorLayer::playerTookDamage hook at 0x1402e0f30 for thesillydoggo.qolmod
10:52:34 DEBUG [Main] [Geode]:         Enabled EndLevelLayer::customSetup hook at 0x140132e50 for thesillydoggo.qolmod
10:52:34 DEBUG [Main] [Geode]:         Enabled PlayLayer::addObject hook at 0x1403add70 for thesillydoggo.qolmod
10:52:34 DEBUG [Main] [Geode]:         Enabled PlayLayer::init hook at 0x1403a5b00 for thesillydoggo.qolmod
10:52:34 DEBUG [Main] [Geode]:         Enabled OBB2D::overlaps1Way hook at 0x14006e130 for thesillydoggo.qolmod
10:52:34 DEBUG [Main] [Geode]:         Enabled OBB2D::getBoundingRect hook at 0x14006e270 for thesillydoggo.qolmod
10:52:34 DEBUG [Main] [Geode]:         Enabled GameObject::updateOrientedBox hook at 0x1401a1570 for thesillydoggo.qolmod
10:52:34 DEBUG [Main] [Geode]:         Enabled GJBaseGameLayer::collisionCheckObjects hook at 0x140214960 for thesillydoggo.qolmod
10:52:34 DEBUG [Main] [Geode]:         Enabled GJBaseGameLayer::processQueuedButtons hook at 0x140231d10 for thesillydoggo.qolmod
10:52:34 DEBUG [Main] [Geode]:         Enabled GJBaseGameLayer::resetLevelVariables hook at 0x14023b040 for thesillydoggo.qolmod
10:52:34 DEBUG [Main] [Geode]:         Enabled PlayLayer::resetLevel hook at 0x1403b8eb0 for thesillydoggo.qolmod
10:52:34 DEBUG [Main] [Geode]:         Enabled PlayLayer::init hook at 0x1403a5b00 for thesillydoggo.qolmod
10:52:34 DEBUG [Main] [Geode]:         Enabled PlayerObject::loadFromCheckpoint hook at 0x1403a21b0 for thesillydoggo.qolmod
10:52:34 DEBUG [Main] [Geode]:         Enabled PlayerObject::saveToCheckpoint hook at 0x1403a1710 for thesillydoggo.qolmod
10:52:34 DEBUG [Main] [Geode]:         Enabled PlayLayer::init hook at 0x1403a5b00 for thesillydoggo.qolmod
10:52:34 DEBUG [Main] [Geode]:         Enabled PauseLayer::onNormalMode hook at 0x14037e2a0 for thesillydoggo.qolmod
10:52:34 DEBUG [Main] [Geode]:         Enabled PauseLayer::onPracticeMode hook at 0x14037e1c0 for thesillydoggo.qolmod
10:52:34 DEBUG [Main] [Geode]:         Enabled PauseLayer::onRestart hook at 0x14037e410 for thesillydoggo.qolmod
10:52:34 DEBUG [Main] [Geode]:         Enabled PauseLayer::onRestartFull hook at 0x14037e4b0 for thesillydoggo.qolmod
10:52:34 DEBUG [Main] [Geode]:         Enabled PlayLayer::playPlatformerEndAnimationToPos hook at 0x1403ac3e0 for thesillydoggo.qolmod
10:52:34 DEBUG [Main] [Geode]:         Enabled PlayLayer::playEndAnimationToPos hook at 0x1403aba00 for thesillydoggo.qolmod
10:52:34 DEBUG [Main] [Geode]:         Enabled PlayLayer::showCompleteText hook at 0x1403a8900 for thesillydoggo.qolmod
10:52:34 DEBUG [Main] [Geode]:         Enabled PlayLayer::init hook at 0x1403a5b00 for thesillydoggo.qolmod
10:52:34 DEBUG [Main] [Geode]:         Enabled PlayerObject::update hook at 0x140388d80 for thesillydoggo.qolmod
10:52:34 DEBUG [Main] [Geode]:         Enabled GameStatsManager::incrementStat hook at 0x1401d44d0 for thesillydoggo.qolmod
10:52:34 DEBUG [Main] [Geode]:         Enabled PlayLayer::resetLevel hook at 0x1403b8eb0 for thesillydoggo.qolmod
10:52:34 DEBUG [Main] [Geode]:         Enabled PlayerObject::update hook at 0x140388d80 for thesillydoggo.qolmod
10:52:34 DEBUG [Main] [Geode]:         Enabled PlayerObject::init hook at 0x140386770 for thesillydoggo.qolmod
10:52:34 DEBUG [Main] [Geode]:         Enabled GameObject::getObjectRect hook at 0x1401976c0 for thesillydoggo.qolmod
10:52:34 DEBUG [Main] [Geode]:         Enabled GJBaseGameLayer::init hook at 0x140206f30 for thesillydoggo.qolmod
10:52:34 DEBUG [Main] [Geode]:         Enabled GJBaseGameLayer::resetLevelVariables hook at 0x14023b040 for thesillydoggo.qolmod
10:52:34 DEBUG [Main] [Geode]:         Enabled LevelEditorLayer::onPlaytest hook at 0x1402dfcd0 for thesillydoggo.qolmod
10:52:34 DEBUG [Main] [Geode]:         Enabled EditorUI::ccTouchMoved hook at 0x140123e90 for thesillydoggo.qolmod
10:52:34 DEBUG [Main] [Geode]:         Enabled EditorUI::transformObjectCall hook at 0x1401201d0 for thesillydoggo.qolmod
10:52:34 DEBUG [Main] [Geode]:         Enabled PauseLayer::customSetup hook at 0x14037c870 for thesillydoggo.qolmod
10:52:34 DEBUG [Main] [Geode]:         Enabled cocos2d::CCLayer::onEnter hook at 0x6ffffcdb0570 for thesillydoggo.qolmod
10:52:34 DEBUG [Main] [Geode]:         Enabled GJGarageLayer::init hook at 0x140273050 for thesillydoggo.qolmod
10:52:34 DEBUG [Main] [Geode]:         Enabled GJGarageLayer::onSelect hook at 0x140277170 for thesillydoggo.qolmod
10:52:34 DEBUG [Main] [Geode]:         Enabled CharacterColorPage::onPlayerColor hook at 0x140089db0 for thesillydoggo.qolmod
10:52:34 DEBUG [Main] [Geode]:         Enabled CharacterColorPage::toggleGlow hook at 0x140088df0 for thesillydoggo.qolmod
10:52:34 DEBUG [Main] [Geode]:         Enabled PlayLayer::postUpdate hook at 0x1403b4ba0 for thesillydoggo.qolmod
10:52:34 DEBUG [Main] [Geode]:         Enabled GJBaseGameLayer::toggleFlipped hook at 0x1402467d0 for thesillydoggo.qolmod
10:52:34 DEBUG [Main] [Geode]:         Enabled GJBaseGameLayer::update hook at 0x140237850 for thesillydoggo.qolmod
10:52:34 DEBUG [Main] [Geode]:         Enabled GJBaseGameLayer::toggleFlipped hook at 0x1402467d0 for thesillydoggo.qolmod
10:52:34 DEBUG [Main] [Geode]:         Enabled PlayLayer::destroyPlayer hook at 0x1403b39d0 for thesillydoggo.qolmod
10:52:34 DEBUG [Main] [Geode]:         Enabled PlayLayer::postUpdate hook at 0x1403b4ba0 for thesillydoggo.qolmod
10:52:34 DEBUG [Main] [Geode]:         Enabled PlayLayer::resetLevel hook at 0x1403b8eb0 for thesillydoggo.qolmod
10:52:34 DEBUG [Main] [Geode]:         Enabled PlayLayer::init hook at 0x1403a5b00 for thesillydoggo.qolmod
10:52:34 DEBUG [Main] [Geode]:         Enabled PlayerObject::collidedWithObjectInternal hook at 0x140391a70 for thesillydoggo.qolmod
10:52:34 DEBUG [Main] [Geode]:         Enabled PlayLayer::updateProgressbar hook at 0x1403b23c0 for thesillydoggo.qolmod
10:52:34 DEBUG [Main] [Geode]:         Enabled PlayLayer::destroyPlayer hook at 0x1403b39d0 for thesillydoggo.qolmod
10:52:34 DEBUG [Main] [Geode]:         Enabled PlayLayer::resetLevel hook at 0x1403b8eb0 for thesillydoggo.qolmod
10:52:34 DEBUG [Main] [Geode]:         Enabled PlayLayer::levelComplete hook at 0x1403a7a80 for thesillydoggo.qolmod
10:52:34 DEBUG [Main] [Geode]:         Enabled PlayLayer::resetLevel hook at 0x1403b8eb0 for thesillydoggo.qolmod
10:52:34 DEBUG [Main] [Geode]:         Enabled PlayLayer::levelComplete hook at 0x1403a7a80 for thesillydoggo.qolmod
10:52:34 DEBUG [Main] [Geode]:         Enabled PlayLayer::loadFromCheckpoint hook at 0x1403b7640 for thesillydoggo.qolmod
10:52:34 DEBUG [Main] [Geode]:         Enabled PauseLayer::customSetup hook at 0x14037c870 for thesillydoggo.qolmod
10:52:34 DEBUG [Main] [Geode]:         Enabled PlayLayer::destroyPlayer hook at 0x1403b39d0 for thesillydoggo.qolmod
10:52:34 DEBUG [Main] [Geode]:         Enabled PlayLayer::playEndAnimationToPos hook at 0x1403aba00 for thesillydoggo.qolmod
10:52:34 DEBUG [Main] [Geode]:         Enabled GJBaseGameLayer::collisionCheckObjects hook at 0x140214960 for thesillydoggo.qolmod
10:52:34 DEBUG [Main] [Geode]:         Enabled GJBaseGameLayer::activateSFXTrigger hook at 0x140241c50 for thesillydoggo.qolmod
10:52:34 DEBUG [Main] [Geode]:         Enabled GJBaseGameLayer::activateSongEditTrigger hook at 0x140241940 for thesillydoggo.qolmod
10:52:34 DEBUG [Main] [Geode]:         Enabled GJBaseGameLayer::canBeActivatedByPlayer hook at 0x1402178c0 for thesillydoggo.qolmod
10:52:34 DEBUG [Main] [Geode]:         Enabled GJBaseGameLayer::playerTouchedTrigger hook at 0x140217f50 for thesillydoggo.qolmod
10:52:34 DEBUG [Main] [Geode]:         Enabled GJBaseGameLayer::playerTouchedRing hook at 0x140217e40 for thesillydoggo.qolmod
10:52:34 DEBUG [Main] [Geode]:         Enabled GJBaseGameLayer::gameEventTriggered hook at 0x140231ff0 for thesillydoggo.qolmod
10:52:34 DEBUG [Main] [Geode]:         Enabled PlayerObject::ringJump hook at 0x140398c00 for thesillydoggo.qolmod
10:52:34 DEBUG [Main] [Geode]:         Enabled PlayerObject::incrementJumps hook at 0x14038cba0 for thesillydoggo.qolmod
10:52:34 DEBUG [Main] [Geode]:         Enabled PlayerObject::stopDashing hook at 0x140396650 for thesillydoggo.qolmod
10:52:34 DEBUG [Main] [Geode]:         Enabled PlayerObject::playSpiderDashEffect hook at 0x140395170 for thesillydoggo.qolmod
10:52:34 DEBUG [Main] [Geode]:         Enabled HardStreak::addPoint hook at 0x1402b9800 for thesillydoggo.qolmod
10:52:34 DEBUG [Main] [Geode]:         Enabled GameObject::playShineEffect hook at 0x1401993b0 for thesillydoggo.qolmod
10:52:34 DEBUG [Main] [Geode]:         Enabled EffectGameObject::triggerObject hook at 0x1404a5f30 for thesillydoggo.qolmod
10:52:34 DEBUG [Main] [Geode]:         Enabled GJBaseGameLayer::init hook at 0x140206f30 for thesillydoggo.qolmod
10:52:34 DEBUG [Main] [Geode]:         Enabled LevelEditorLayer::init hook at 0x1402d1dd0 for thesillydoggo.qolmod
10:52:34 DEBUG [Main] [Geode]:         Enabled PlayLayer::createObjectsFromSetupFinished hook at 0x1403ad8d0 for thesillydoggo.qolmod
10:52:34 DEBUG [Main] [Geode]:         Enabled PlayLayer::destroyPlayer hook at 0x1403b39d0 for thesillydoggo.qolmod
10:52:34 DEBUG [Main] [Geode]:         Enabled PlayLayer::createObjectsFromSetupFinished hook at 0x1403ad8d0 for thesillydoggo.qolmod
10:52:34 DEBUG [Main] [Geode]:         Enabled PlayLayer::createObjectsFromSetupFinished hook at 0x1403ad8d0 for thesillydoggo.qolmod
10:52:34 DEBUG [Main] [Geode]:         Enabled PlayLayer::postUpdate hook at 0x1403b4ba0 for thesillydoggo.qolmod
10:52:34 DEBUG [Main] [Geode]:         Enabled UILayer::handleKeypress hook at 0x1404cd830 for thesillydoggo.qolmod
10:52:34 DEBUG [Main] [Geode]:         Enabled GJBaseGameLayer::update hook at 0x140237850 for thesillydoggo.qolmod
10:52:34 DEBUG [Main] [Geode]:         Enabled MenuGameLayer::update hook at 0x140332240 for thesillydoggo.qolmod
10:52:34 DEBUG [Main] [Geode]:         Enabled PlayLayer::postUpdate hook at 0x1403b4ba0 for thesillydoggo.qolmod
10:52:34 DEBUG [Main] [Geode]:         Enabled MenuLayer::init hook at 0x140333a90 for thesillydoggo.qolmod
10:52:34 DEBUG [Main] [Geode]:         Enabled cocos2d::CCScheduler::update hook at 0x6ffffce22b60 for thesillydoggo.qolmod
10:52:34 DEBUG [Main] [Geode]:         Enabled cocos2d::CCScheduler::pauseTarget hook at 0x6ffffce20d50 for thesillydoggo.qolmod
10:52:34 DEBUG [Main] [Geode]:         Enabled GJBaseGameLayer::update hook at 0x140237850 for thesillydoggo.qolmod
10:52:34 DEBUG [Main] [Geode]:         Enabled LevelInfoLayer::init hook at 0x1402f7340 for thesillydoggo.qolmod
10:52:34 DEBUG [Main] [Geode]:         Enabled SecretRewardsLayer::onGoldChest hook at 0x1403d7390 for thesillydoggo.qolmod
10:52:34 DEBUG [Main] [Geode]:         Enabled SecretRewardsLayer::onSelectItem hook at 0x1403d6140 for thesillydoggo.qolmod
10:52:34 DEBUG [Main] [Geode]:         Enabled GameStatsManager::recountSpecialStats hook at 0x1401e4450 for thesillydoggo.qolmod
10:52:34 DEBUG [Main] [Geode]:         Enabled MenuLayer::init hook at 0x140333a90 for thesillydoggo.qolmod
10:52:34 DEBUG [Main] [Geode]:         Enabled RewardUnlockLayer::showCollectReward hook at 0x1403ceb00 for thesillydoggo.qolmod
10:52:34 DEBUG [Main] [Geode]:         Enabled PauseLayer::onSettings hook at 0x14037d540 for thesillydoggo.qolmod
10:52:34 DEBUG [Main] [Geode]:         Enabled OptionsLayer::customSetup hook at 0x140371d10 for thesillydoggo.qolmod
10:52:34 DEBUG [Main] [Geode]:         Enabled UILayer::init hook at 0x1404ccb00 for thesillydoggo.qolmod
10:52:34 DEBUG [Main] [Geode]:         Enabled LevelPage::onPlay hook at 0x14031d880 for thesillydoggo.qolmod
10:52:34 DEBUG [Main] [Geode]:         Enabled LevelAreaInnerLayer::init hook at 0x1402c64e0 for thesillydoggo.qolmod
10:52:34 DEBUG [Main] [Geode]:         Enabled GameStatsManager::isItemUnlocked hook at 0x1401e5820 for thesillydoggo.qolmod
10:52:34 DEBUG [Main] [Geode]:         Enabled PauseLayer::customSetup hook at 0x14037c870 for thesillydoggo.qolmod
10:52:34 DEBUG [Main] [Geode]:         Enabled GameStatsManager::isItemUnlocked hook at 0x1401e5820 for thesillydoggo.qolmod
10:52:34 DEBUG [Main] [Geode]:         Enabled GJBaseGameLayer::update hook at 0x140237850 for thesillydoggo.qolmod
10:52:34 DEBUG [Main] [Geode]:         Enabled GJBaseGameLayer::getModifiedDelta hook at 0x1402377b0 for thesillydoggo.qolmod
10:52:34 DEBUG [Main] [Geode]:         Enabled CCTextInputNode::onTextFieldInsertText hook at 0x140050510 for thesillydoggo.qolmod
10:52:34 DEBUG [Main] [Geode]:         Enabled AppDelegate::willSwitchToScene hook at 0x1400835e0 for thesillydoggo.qolmod
10:52:34 DEBUG [Main] [Geode]:         Enabled GameManager::isColorUnlocked hook at 0x14017c8e0 for thesillydoggo.qolmod
10:52:34 DEBUG [Main] [Geode]:         Enabled GameManager::isIconUnlocked hook at 0x14017c500 for thesillydoggo.qolmod
10:52:34 DEBUG [Main] [Geode]:         Enabled GameStatsManager::isItemUnlocked hook at 0x1401e5820 for thesillydoggo.qolmod
10:52:34 DEBUG [Main] [Geode]:         Enabled GJBaseGameLayer::createPlayer hook at 0x14020b310 for thesillydoggo.qolmod
10:52:34 DEBUG [Main] [Geode]:         Enabled PlayerObject::playSpiderDashEffect hook at 0x140395170 for thesillydoggo.qolmod
10:52:34 DEBUG [Main] [Geode]:         Enabled PlayerObject::startDashing hook at 0x140395910 for thesillydoggo.qolmod
10:52:34 DEBUG [Main] [Geode]:         Enabled PlayLayer::resetLevel hook at 0x1403b8eb0 for thesillydoggo.qolmod
10:52:34 DEBUG [Main] [Geode]:         Enabled PlayLayer::init hook at 0x1403a5b00 for thesillydoggo.qolmod
10:52:34 DEBUG [Main] [Geode]:         Enabled GJBaseGameLayer::handleButton hook at 0x1402338e0 for thesillydoggo.qolmod
10:52:34 DEBUG [Main] [Geode]:         Enabled LoadingLayer::loadAssets hook at 0x14032ed60 for thesillydoggo.qolmod
10:52:34 DEBUG [Main] [Geode]:         Enabled cocos2d::CCBMFontConfiguration::create hook at 0x6ffffcda7a40 for thesillydoggo.qolmod
10:52:34 DEBUG [Main] [Geode]:         Enabled PlayLayer::postUpdate hook at 0x1403b4ba0 for thesillydoggo.qolmod
10:52:34 DEBUG [Main] [Geode]:         Enabled PlayLayer::showNewBest hook at 0x1403a9550 for thesillydoggo.qolmod
10:52:34 DEBUG [Main] [Geode]:         Enabled PlayLayer::resetLevel hook at 0x1403b8eb0 for thesillydoggo.qolmod
10:52:34 DEBUG [Main] [Geode]:         Enabled PlayLayer::init hook at 0x1403a5b00 for thesillydoggo.qolmod
10:52:34 DEBUG [Main] [Geode]:         Enabled PlayLayer::levelComplete hook at 0x1403a7a80 for thesillydoggo.qolmod
10:52:34 DEBUG [Main] [Geode]:         Enabled GJGameLevel::savePercentage hook at 0x14016c8b0 for thesillydoggo.qolmod
10:52:34 DEBUG [Main] [Geode]:         Enabled EndLevelLayer::playCoinEffect hook at 0x140135be0 for thesillydoggo.qolmod
10:52:34 DEBUG [Main] [Geode]:         Enabled EndLevelLayer::customSetup hook at 0x140132e50 for thesillydoggo.qolmod
10:52:34 DEBUG [Main] [Geode]:         Enabled GJBaseGameLayer::processQueuedButtons hook at 0x140231d10 for thesillydoggo.qolmod
10:52:34 DEBUG [Main] [Geode]:         Enabled GJBaseGameLayer::update hook at 0x140237850 for thesillydoggo.qolmod
10:52:34 DEBUG [Main] [Geode]:         Enabled GJBaseGameLayer::checkRepellPlayer hook at 0x1402398d0 for thesillydoggo.qolmod
10:52:34 DEBUG [Main] [Geode]:         Enabled GJBaseGameLayer::updateCamera hook at 0x14023bcf0 for thesillydoggo.qolmod
10:52:34 DEBUG [Main] [Geode]:         Enabled LevelEditorLayer::updateVisibility hook at 0x1402d8e70 for thesillydoggo.qolmod
10:52:34 DEBUG [Main] [Geode]:         Enabled cocos2d::CCMouseDispatcher::dispatchScrollMSG hook at 0x6ffffcdc0cc0 for thesillydoggo.qolmod
10:52:34 DEBUG [Main] [Geode]:         Enabled cocos2d::CCEGLView::swapBuffers hook at 0x6ffffcdd8dc0 for thesillydoggo.qolmod
10:52:34 DEBUG [Main] [Geode]:         Enabled cocos2d::CCEGLViewProtocol::handleTouchesEnd hook at 0x6ffffcdcbc40 for thesillydoggo.qolmod
10:52:34 DEBUG [Main] [Geode]:         Enabled cocos2d::CCEGLViewProtocol::handleTouchesMove hook at 0x6ffffcdcbce0 for thesillydoggo.qolmod
10:52:34 DEBUG [Main] [Geode]:         Enabled cocos2d::CCEGLViewProtocol::handleTouchesBegin hook at 0x6ffffcdcb950 for thesillydoggo.qolmod
10:52:34 DEBUG [Main] [Geode]:         Enabled cocos2d::CCEGLViewProtocol::handleTouchesCancel hook at 0x6ffffcdcbba0 for thesillydoggo.qolmod
10:52:34 DEBUG [Main] [Geode]:         Enabled cocos2d::CCGridBase::afterDraw hook at 0x6ffffcd825c0 for thesillydoggo.qolmod
10:52:34 DEBUG [Main] [Geode]:         Enabled cocos2d::CCGridBase::beforeDraw hook at 0x6ffffcd82690 for thesillydoggo.qolmod
10:52:34 DEBUG [Main] [Geode]:     Took 0.437s. Continuing next frame...
10:52:34 DEBUG [Main] [Geode]: Setting up IPC
10:52:34 DEBUG [Main] [Geode]:   IPC set up
10:52:34 INFO  [Main] [Geode]: Starting loader update check
10:52:34 INFO  [Main] [Geode]: Entry took 0.448s
