[16:08:36] [main/INFO]: Loading Minecraft 1.20.1 with Fabric Loader 0.19.3
[16:08:36] [main/INFO]: Fabric is preparing JARs on first launch, this may take a few seconds...
[16:08:36] [main/INFO]: Loading 62 mods:
	- cloth-config 11.1.136
	   \-- cloth-basic-math 0.6.1
	- fabric-api 0.92.9+1.20.1
	   |-- fabric-api-base 0.4.32+1802ada577
	   |-- fabric-api-lookup-api-v1 1.6.37+1802ada577
	   |-- fabric-biome-api-v1 13.0.15+93aa238b77
	   |-- fabric-block-api-v1 1.0.12+1802ada577
	   |-- fabric-block-view-api-v2 1.0.3+924f046a77
	   |-- fabric-blockrenderlayer-v1 1.1.42+1802ada577
	   |-- fabric-client-tags-api-v1 1.1.3+1802ada577
	   |-- fabric-command-api-v1 1.2.35+f71b366f77
	   |-- fabric-command-api-v2 2.2.14+1802ada577
	   |-- fabric-commands-v0 0.2.52+df3654b377
	   |-- fabric-containers-v0 0.1.68+df3654b377
	   |-- fabric-content-registries-v0 4.0.13+1802ada577
	   |-- fabric-convention-tags-v1 1.5.6+1802ada577
	   |-- fabric-crash-report-info-v1 0.2.20+1802ada577
	   |-- fabric-data-attachment-api-v1 1.0.2+de0fd6d177
	   |-- fabric-data-generation-api-v1 12.3.9+1802ada577
	   |-- fabric-dimensions-v1 2.1.55+1802ada577
	   |-- fabric-entity-events-v1 1.6.1+1c78457f77
	   |-- fabric-events-interaction-v0 0.6.6+13a40c6677
	   |-- fabric-events-lifecycle-v0 0.2.64+df3654b377
	   |-- fabric-game-rule-api-v1 1.0.41+1802ada577
	   |-- fabric-item-api-v1 2.1.29+1802ada577
	   |-- fabric-item-group-api-v1 4.0.14+1802ada577
	   |-- fabric-key-binding-api-v1 1.0.38+1802ada577
	   |-- fabric-keybindings-v0 0.2.36+df3654b377
	   |-- fabric-lifecycle-events-v1 2.2.23+1802ada577
	   |-- fabric-loot-api-v2 1.2.3+1802ada577
	   |-- fabric-loot-tables-v1 1.1.47+9e7660c677
	   |-- fabric-message-api-v1 5.1.10+1802ada577
	   |-- fabric-mining-level-api-v1 2.1.52+1802ada577
	   |-- fabric-model-loading-api-v1 1.0.4+1802ada577
	   |-- fabric-models-v0 0.4.3+9386d8a777
	   |-- fabric-networking-api-v1 1.3.15+0caff8d077
	   |-- fabric-networking-v0 0.3.55+df3654b377
	   |-- fabric-object-builder-api-v1 11.1.5+e35120df77
	   |-- fabric-particles-v1 1.1.3+1802ada577
	   |-- fabric-recipe-api-v1 1.0.25+1802ada577
	   |-- fabric-registry-sync-v0 2.4.1+4c0a70e677
	   |-- fabric-renderer-api-v1 3.2.2+1802ada577
	   |-- fabric-renderer-indigo 1.5.3+85287f9f77
	   |-- fabric-renderer-registries-v1 3.2.47+df3654b377
	   |-- fabric-rendering-data-attachment-v1 0.3.39+92a0d36777
	   |-- fabric-rendering-fluids-v1 3.0.29+1802ada577
	   |-- fabric-rendering-v0 1.1.50+df3654b377
	   |-- fabric-rendering-v1 3.0.9+1802ada577
	   |-- fabric-resource-conditions-api-v1 2.3.9+1802ada577
	   |-- fabric-resource-loader-v0 0.11.12+fb82e9d777
	   |-- fabric-screen-api-v1 2.0.9+1802ada577
	   |-- fabric-screen-handler-api-v1 1.3.34+1802ada577
	   |-- fabric-sound-api-v1 1.0.14+1802ada577
	   |-- fabric-transfer-api-v1 3.3.6+8dd72ea377
	   \-- fabric-transitive-access-wideners-v1 4.3.2+1802ada577
	- fabricloader 0.19.3
	   \-- mixinextras 0.5.4
	- java 17
	- minecraft 1.20.1
	- sodium 0.5.13+mc1.20.1
	- tlskincape 1.38
	- wobble 1.0.2
[16:08:36] [main/INFO]: SpongePowered MIXIN Subsystem Version=0.8.7 Source=file:/home/khoablabla/.minecraft/libraries/net/fabricmc/sponge-mixin/0.17.3+mixin.0.8.7/sponge-mixin-0.17.3+mixin.0.8.7.jar Service=Knot/Fabric Env=CLIENT
[16:08:37] [main/INFO]: Compatibility level set to JAVA_16
[16:08:37] [main/INFO]: Compatibility level set to JAVA_17
[16:08:37] [main/INFO]: Loaded configuration file for Sodium: 42 options available, 0 override(s) found
[16:08:38] [main/INFO]: Searching for graphics cards...
[16:08:38] [main/INFO]: Found graphics adapter: LinuxPciAdapterInfo[vendor=INTEL, name=WhiskeyLake-U GT2 [UHD Graphics 620], pciVendorId=0x8086, pciDeviceId=0x3ea0]
[16:08:38] [main/WARN]: Sodium has applied one or more workarounds to prevent crashes or other issues on your system: [NO_ERROR_CONTEXT_UNSUPPORTED]
[16:08:38] [main/WARN]: This is not necessarily an issue, but it may result in certain features or optimizations being disabled. You can sometimes fix these issues by upgrading your graphics driver.
[16:08:39] [main/INFO]: Initializing MixinExtras via com.llamalad7.mixinextras.service.MixinExtrasServiceImpl(version=0.5.4).
[16:08:45] [Datafixer Bootstrap/INFO]: 188 Datafixer optimizations took 213 milliseconds
[16:08:49] [Render thread/INFO]: Environment: authHost='https://authserver.mojang.com', accountsHost='https://api.mojang.com', sessionHost='https://sessionserver.mojang.com', servicesHost='https://api.minecraftservices.com', name='PROD'
[16:08:50] [Render thread/ERROR]: Failed to verify authentication
com.mojang.authlib.exceptions.InvalidCredentialsException: Status: 401
	at com.mojang.authlib.exceptions.MinecraftClientHttpException.toAuthenticationException(MinecraftClientHttpException.java:56) ~[authlib-4.0.43.1.jar:?]
	at com.mojang.authlib.yggdrasil.YggdrasilUserApiService.fetchProperties(YggdrasilUserApiService.java:147) ~[authlib-4.0.43.1.jar:?]
	at com.mojang.authlib.yggdrasil.YggdrasilUserApiService.<init>(YggdrasilUserApiService.java:63) ~[authlib-4.0.43.1.jar:?]
	at com.mojang.authlib.yggdrasil.YggdrasilAuthenticationService.createUserApiService(YggdrasilAuthenticationService.java:124) ~[authlib-4.0.43.1.jar:?]
	at net.minecraft.class_310.method_31382(class_310.java:733) ~[client-intermediary.jar:?]
	at net.minecraft.class_310.<init>(class_310.java:442) ~[client-intermediary.jar:?]
	at net.minecraft.client.main.Main.main(Main.java:211) ~[invisibladaiodwaio.jar:?]
	at net.fabricmc.loader.impl.game.minecraft.MinecraftGameProvider.launch(MinecraftGameProvider.java:514) ~[fabric-loader-0.19.3.jar:?]
	at net.fabricmc.loader.impl.launch.knot.Knot.launch(Knot.java:72) ~[fabric-loader-0.19.3.jar:?]
	at net.fabricmc.loader.impl.launch.knot.KnotClient.main(KnotClient.java:23) ~[fabric-loader-0.19.3.jar:?]
Caused by: com.mojang.authlib.exceptions.MinecraftClientHttpException: Status: 401
	at com.mojang.authlib.minecraft.client.MinecraftClient.readInputStream(MinecraftClient.java:85) ~[authlib-4.0.43.1.jar:?]
	at com.mojang.authlib.minecraft.client.MinecraftClient.get(MinecraftClient.java:48) ~[authlib-4.0.43.1.jar:?]
	at com.mojang.authlib.yggdrasil.YggdrasilUserApiService.fetchProperties(YggdrasilUserApiService.java:122) ~[authlib-4.0.43.1.jar:?]
	... 8 more
[16:08:50] [Render thread/INFO]: Setting user: khoablabla
[16:08:50] [Render thread/INFO]: Initializing Wobble Blocks
[16:08:51] [Render thread/INFO]: [Indigo] Different rendering plugin detected; not applying Indigo.
[16:08:51] [Render thread/INFO]: Backend library: LWJGL version 3.3.1 SNAPSHOT
[16:08:51] [Render thread/INFO]: OpenGL Vendor: Intel
[16:08:51] [Render thread/INFO]: OpenGL Renderer: Mesa Intel(R) UHD Graphics 620 (WHL GT2)
[16:08:51] [Render thread/INFO]: OpenGL Version: 4.6 (Core Profile) Mesa 26.1.1-arch1.2
[16:08:53] [Render thread/ERROR]: Error while loading the narrator
com.mojang.text2speech.Narrator$InitializeException: Failed to load library flite
	at com.mojang.text2speech.NarratorLinux$FliteLibrary.loadNative(NarratorLinux.java:69) ~[text2speech-1.17.9.jar:?]
	at com.mojang.text2speech.NarratorLinux.<init>(NarratorLinux.java:18) ~[text2speech-1.17.9.jar:?]
	at com.mojang.text2speech.Narrator.getNarrator(Narrator.java:41) ~[text2speech-1.17.9.jar:?]
	at net.minecraft.class_333.<init>(class_333.java:19) ~[client-intermediary.jar:?]
	at net.minecraft.class_310.<init>(class_310.java:640) ~[client-intermediary.jar:?]
	at net.minecraft.client.main.Main.main(Main.java:211) ~[invisibladaiodwaio.jar:?]
	at net.fabricmc.loader.impl.game.minecraft.MinecraftGameProvider.launch(MinecraftGameProvider.java:514) ~[fabric-loader-0.19.3.jar:?]
	at net.fabricmc.loader.impl.launch.knot.Knot.launch(Knot.java:72) ~[fabric-loader-0.19.3.jar:?]
	at net.fabricmc.loader.impl.launch.knot.KnotClient.main(KnotClient.java:23) ~[fabric-loader-0.19.3.jar:?]
Caused by: java.lang.UnsatisfiedLinkError: Unable to load library 'flite':
libflite.so: cannot open shared object file: No such file or directory
libflite.so: cannot open shared object file: No such file or directory
Native library (linux-x86-64/libflite.so) not found in resource path (/home/khoablabla/.minecraft/libraries/org/ow2/asm/asm/9.10.1/asm-9.10.1.jar:/home/khoablabla/.minecraft/libraries/org/ow2/asm/asm-analysis/9.10.1/asm-analysis-9.10.1.jar:/home/khoablabla/.minecraft/libraries/org/ow2/asm/asm-commons/9.10.1/asm-commons-9.10.1.jar:/home/khoablabla/.minecraft/libraries/org/ow2/asm/asm-tree/9.10.1/asm-tree-9.10.1.jar:/home/khoablabla/.minecraft/libraries/org/ow2/asm/asm-util/9.10.1/asm-util-9.10.1.jar:/home/khoablabla/.minecraft/libraries/net/fabricmc/sponge-mixin/0.17.3+mixin.0.8.7/sponge-mixin-0.17.3+mixin.0.8.7.jar:/home/khoablabla/.minecraft/libraries/net/fabricmc/intermediary/1.20.1/intermediary-1.20.1.jar:/home/khoablabla/.minecraft/libraries/net/fabricmc/fabric-loader/0.19.3/fabric-loader-0.19.3.jar:/home/khoablabla/.minecraft/libraries/com/github/oshi/oshi-core/6.2.2/oshi-core-6.2.2.jar:/home/khoablabla/.minecraft/libraries/com/google/code/gson/gson/2.10/gson-2.10.jar:/home/khoablabla/.minecraft/libraries/com/google/guava/failureaccess/1.0.1/failureaccess-1.0.1.jar:/home/khoablabla/.minecraft/libraries/com/google/guava/guava/31.1-jre/guava-31.1-jre.jar:/home/khoablabla/.minecraft/libraries/com/ibm/icu/icu4j/71.1/icu4j-71.1.jar:/home/khoablabla/.minecraft/libraries/org/tlauncher/authlib/4.0.43.1/authlib-4.0.43.1.jar:/home/khoablabla/.minecraft/libraries/com/mojang/blocklist/1.0.10/blocklist-1.0.10.jar:/home/khoablabla/.minecraft/libraries/com/mojang/brigadier/1.1.8/brigadier-1.1.8.jar:/home/khoablabla/.minecraft/libraries/com/mojang/datafixerupper/6.0.8/datafixerupper-6.0.8.jar:/home/khoablabla/.minecraft/libraries/com/mojang/logging/1.1.1/logging-1.1.1.jar:/home/khoablabla/.minecraft/libraries/org/tlauncher/patchy/2.2.101/patchy-2.2.101.jar:/home/khoablabla/.minecraft/libraries/com/mojang/text2speech/1.17.9/text2speech-1.17.9.jar:/home/khoablabla/.minecraft/libraries/commons-codec/commons-codec/1.15/commons-codec-1.15.jar:/home/khoablabla/.minecraft/libraries/commons-io/commons-io/2.11.0/commons-io-2.11.0.jar:/home/khoablabla/.minecraft/libraries/commons-logging/commons-logging/1.2/commons-logging-1.2.jar:/home/khoablabla/.minecraft/libraries/io/netty/netty-buffer/4.1.82.Final/netty-buffer-4.1.82.Final.jar:/home/khoablabla/.minecraft/libraries/io/netty/netty-codec/4.1.82.Final/netty-codec-4.1.82.Final.jar:/home/khoablabla/.minecraft/libraries/io/netty/netty-common/4.1.82.Final/netty-common-4.1.82.Final.jar:/home/khoablabla/.minecraft/libraries/io/netty/netty-handler/4.1.82.Final/netty-handler-4.1.82.Final.jar:/home/khoablabla/.minecraft/libraries/io/netty/netty-resolver/4.1.82.Final/netty-resolver-4.1.82.Final.jar:/home/khoablabla/.minecraft/libraries/io/netty/netty-transport-classes-epoll/4.1.82.Final/netty-transport-classes-epoll-4.1.82.Final.jar:/home/khoablabla/.minecraft/libraries/io/netty/netty-transport-native-epoll/4.1.82.Final/netty-transport-native-epoll-4.1.82.Final-linux-aarch_64.jar:/home/khoablabla/.minecraft/libraries/io/netty/netty-transport-native-epoll/4.1.82.Final/netty-transport-native-epoll-4.1.82.Final-linux-x86_64.jar:/home/khoablabla/.minecraft/libraries/io/netty/netty-transport-native-unix-common/4.1.82.Final/netty-transport-native-unix-common-4.1.82.Final.jar:/home/khoablabla/.minecraft/libraries/io/netty/netty-transport/4.1.82.Final/netty-transport-4.1.82.Final.jar:/home/khoablabla/.minecraft/libraries/it/unimi/dsi/fastutil/8.5.9/fastutil-8.5.9.jar:/home/khoablabla/.minecraft/libraries/net/java/dev/jna/jna-platform/5.12.1/jna-platform-5.12.1.jar:/home/khoablabla/.minecraft/libraries/net/java/dev/jna/jna/5.12.1/jna-5.12.1.jar:/home/khoablabla/.minecraft/libraries/net/sf/jopt-simple/jopt-simple/5.0.4/jopt-simple-5.0.4.jar:/home/khoablabla/.minecraft/libraries/org/apache/commons/commons-compress/1.21/commons-compress-1.21.jar:/home/khoablabla/.minecraft/libraries/org/apache/commons/commons-lang3/3.12.0/commons-lang3-3.12.0.jar:/home/khoablabla/.minecraft/libraries/org/apache/httpcomponents/httpclient/4.5.13/httpclient-4.5.13.jar:/home/khoablabla/.minecraft/libraries/org/apache/httpcomponents/httpcore/4.4.15/httpcore-4.4.15.jar:/home/khoablabla/.minecraft/libraries/org/apache/logging/log4j/log4j-api/2.19.0/log4j-api-2.19.0.jar:/home/khoablabla/.minecraft/libraries/org/apache/logging/log4j/log4j-core/2.19.0/log4j-core-2.19.0.jar:/home/khoablabla/.minecraft/libraries/org/apache/logging/log4j/log4j-slf4j2-impl/2.19.0/log4j-slf4j2-impl-2.19.0.jar:/home/khoablabla/.minecraft/libraries/org/joml/joml/1.10.5/joml-1.10.5.jar:/home/khoablabla/.minecraft/libraries/org/lwjgl/lwjgl-glfw/3.3.1/lwjgl-glfw-3.3.1.jar:/home/khoablabla/.minecraft/libraries/org/lwjgl/lwjgl-glfw/3.3.1/lwjgl-glfw-3.3.1-natives-linux.jar:/home/khoablabla/.minecraft/libraries/org/lwjgl/lwjgl-jemalloc/3.3.1/lwjgl-jemalloc-3.3.1.jar:/home/khoablabla/.minecraft/libraries/org/lwjgl/lwjgl-jemalloc/3.3.1/lwjgl-jemalloc-3.3.1-natives-linux.jar:/home/khoablabla/.minecraft/libraries/org/lwjgl/lwjgl-openal/3.3.1/lwjgl-openal-3.3.1.jar:/home/khoablabla/.minecraft/libraries/org/lwjgl/lwjgl-openal/3.3.1/lwjgl-openal-3.3.1-natives-linux.jar:/home/khoablabla/.minecraft/libraries/org/lwjgl/lwjgl-opengl/3.3.1/lwjgl-opengl-3.3.1.jar:/home/khoablabla/.minecraft/libraries/org/lwjgl/lwjgl-opengl/3.3.1/lwjgl-opengl-3.3.1-natives-linux.jar:/home/khoablabla/.minecraft/libraries/org/lwjgl/lwjgl-stb/3.3.1/lwjgl-stb-3.3.1.jar:/home/khoablabla/.minecraft/libraries/org/lwjgl/lwjgl-stb/3.3.1/lwjgl-stb-3.3.1-natives-linux.jar:/home/khoablabla/.minecraft/libraries/org/lwjgl/lwjgl-tinyfd/3.3.1/lwjgl-tinyfd-3.3.1.jar:/home/khoablabla/.minecraft/libraries/org/lwjgl/lwjgl-tinyfd/3.3.1/lwjgl-tinyfd-3.3.1-natives-linux.jar:/home/khoablabla/.minecraft/libraries/org/lwjgl/lwjgl/3.3.1/lwjgl-3.3.1.jar:/home/khoablabla/.minecraft/libraries/org/lwjgl/lwjgl/3.3.1/lwjgl-3.3.1-natives-linux.jar:/home/khoablabla/.minecraft/libraries/org/slf4j/slf4j-api/2.0.1/slf4j-api-2.0.1.jar:/home/khoablabla/.minecraft/versions/invisibladaiodwaio/invisibladaiodwaio.jar)
	at com.sun.jna.NativeLibrary.loadLibrary(NativeLibrary.java:307) ~[jna-5.12.1.jar:?]
	at com.sun.jna.NativeLibrary.getInstance(NativeLibrary.java:467) ~[jna-5.12.1.jar:?]
	at com.sun.jna.NativeLibrary.getInstance(NativeLibrary.java:409) ~[jna-5.12.1.jar:?]
	at com.mojang.text2speech.NarratorLinux$FliteLibrary.loadNative(NarratorLinux.java:67) ~[text2speech-1.17.9.jar:?]
	... 8 more
	Suppressed: java.lang.UnsatisfiedLinkError: libflite.so: cannot open shared object file: No such file or directory
		at com.sun.jna.Native.open(Native Method) ~[jna-5.12.1.jar:?]
		at com.sun.jna.NativeLibrary.loadLibrary(NativeLibrary.java:197) ~[jna-5.12.1.jar:?]
		at com.sun.jna.NativeLibrary.getInstance(NativeLibrary.java:467) ~[jna-5.12.1.jar:?]
		at com.sun.jna.NativeLibrary.getInstance(NativeLibrary.java:409) ~[jna-5.12.1.jar:?]
		at com.mojang.text2speech.NarratorLinux$FliteLibrary.loadNative(NarratorLinux.java:67) ~[text2speech-1.17.9.jar:?]
		at com.mojang.text2speech.NarratorLinux.<init>(NarratorLinux.java:18) ~[text2speech-1.17.9.jar:?]
		at com.mojang.text2speech.Narrator.getNarrator(Narrator.java:41) ~[text2speech-1.17.9.jar:?]
		at net.minecraft.class_333.<init>(class_333.java:19) ~[client-intermediary.jar:?]
		at net.minecraft.class_310.<init>(class_310.java:640) ~[client-intermediary.jar:?]
		at net.minecraft.client.main.Main.main(Main.java:211) ~[invisibladaiodwaio.jar:?]
		at net.fabricmc.loader.impl.game.minecraft.MinecraftGameProvider.launch(MinecraftGameProvider.java:514) ~[fabric-loader-0.19.3.jar:?]
		at net.fabricmc.loader.impl.launch.knot.Knot.launch(Knot.java:72) ~[fabric-loader-0.19.3.jar:?]
		at net.fabricmc.loader.impl.launch.knot.KnotClient.main(KnotClient.java:23) ~[fabric-loader-0.19.3.jar:?]
	Suppressed: java.lang.UnsatisfiedLinkError: libflite.so: cannot open shared object file: No such file or directory
		at com.sun.jna.Native.open(Native Method) ~[jna-5.12.1.jar:?]
		at com.sun.jna.NativeLibrary.loadLibrary(NativeLibrary.java:210) ~[jna-5.12.1.jar:?]
		at com.sun.jna.NativeLibrary.getInstance(NativeLibrary.java:467) ~[jna-5.12.1.jar:?]
		at com.sun.jna.NativeLibrary.getInstance(NativeLibrary.java:409) ~[jna-5.12.1.jar:?]
		at com.mojang.text2speech.NarratorLinux$FliteLibrary.loadNative(NarratorLinux.java:67) ~[text2speech-1.17.9.jar:?]
		at com.mojang.text2speech.NarratorLinux.<init>(NarratorLinux.java:18) ~[text2speech-1.17.9.jar:?]
		at com.mojang.text2speech.Narrator.getNarrator(Narrator.java:41) ~[text2speech-1.17.9.jar:?]
		at net.minecraft.class_333.<init>(class_333.java:19) ~[client-intermediary.jar:?]
		at net.minecraft.class_310.<init>(class_310.java:640) ~[client-intermediary.jar:?]
		at net.minecraft.client.main.Main.main(Main.java:211) ~[invisibladaiodwaio.jar:?]
		at net.fabricmc.loader.impl.game.minecraft.MinecraftGameProvider.launch(MinecraftGameProvider.java:514) ~[fabric-loader-0.19.3.jar:?]
		at net.fabricmc.loader.impl.launch.knot.Knot.launch(Knot.java:72) ~[fabric-loader-0.19.3.jar:?]
		at net.fabricmc.loader.impl.launch.knot.KnotClient.main(KnotClient.java:23) ~[fabric-loader-0.19.3.jar:?]
	Suppressed: java.io.IOException: Native library (linux-x86-64/libflite.so) not found in resource path (/home/khoablabla/.minecraft/libraries/org/ow2/asm/asm/9.10.1/asm-9.10.1.jar:/home/khoablabla/.minecraft/libraries/org/ow2/asm/asm-analysis/9.10.1/asm-analysis-9.10.1.jar:/home/khoablabla/.minecraft/libraries/org/ow2/asm/asm-commons/9.10.1/asm-commons-9.10.1.jar:/home/khoablabla/.minecraft/libraries/org/ow2/asm/asm-tree/9.10.1/asm-tree-9.10.1.jar:/home/khoablabla/.minecraft/libraries/org/ow2/asm/asm-util/9.10.1/asm-util-9.10.1.jar:/home/khoablabla/.minecraft/libraries/net/fabricmc/sponge-mixin/0.17.3+mixin.0.8.7/sponge-mixin-0.17.3+mixin.0.8.7.jar:/home/khoablabla/.minecraft/libraries/net/fabricmc/intermediary/1.20.1/intermediary-1.20.1.jar:/home/khoablabla/.minecraft/libraries/net/fabricmc/fabric-loader/0.19.3/fabric-loader-0.19.3.jar:/home/khoablabla/.minecraft/libraries/com/github/oshi/oshi-core/6.2.2/oshi-core-6.2.2.jar:/home/khoablabla/.minecraft/libraries/com/google/code/gson/gson/2.10/gson-2.10.jar:/home/khoablabla/.minecraft/libraries/com/google/guava/failureaccess/1.0.1/failureaccess-1.0.1.jar:/home/khoablabla/.minecraft/libraries/com/google/guava/guava/31.1-jre/guava-31.1-jre.jar:/home/khoablabla/.minecraft/libraries/com/ibm/icu/icu4j/71.1/icu4j-71.1.jar:/home/khoablabla/.minecraft/libraries/org/tlauncher/authlib/4.0.43.1/authlib-4.0.43.1.jar:/home/khoablabla/.minecraft/libraries/com/mojang/blocklist/1.0.10/blocklist-1.0.10.jar:/home/khoablabla/.minecraft/libraries/com/mojang/brigadier/1.1.8/brigadier-1.1.8.jar:/home/khoablabla/.minecraft/libraries/com/mojang/datafixerupper/6.0.8/datafixerupper-6.0.8.jar:/home/khoablabla/.minecraft/libraries/com/mojang/logging/1.1.1/logging-1.1.1.jar:/home/khoablabla/.minecraft/libraries/org/tlauncher/patchy/2.2.101/patchy-2.2.101.jar:/home/khoablabla/.minecraft/libraries/com/mojang/text2speech/1.17.9/text2speech-1.17.9.jar:/home/khoablabla/.minecraft/libraries/commons-codec/commons-codec/1.15/commons-codec-1.15.jar:/home/khoablabla/.minecraft/libraries/commons-io/commons-io/2.11.0/commons-io-2.11.0.jar:/home/khoablabla/.minecraft/libraries/commons-logging/commons-logging/1.2/commons-logging-1.2.jar:/home/khoablabla/.minecraft/libraries/io/netty/netty-buffer/4.1.82.Final/netty-buffer-4.1.82.Final.jar:/home/khoablabla/.minecraft/libraries/io/netty/netty-codec/4.1.82.Final/netty-codec-4.1.82.Final.jar:/home/khoablabla/.minecraft/libraries/io/netty/netty-common/4.1.82.Final/netty-common-4.1.82.Final.jar:/home/khoablabla/.minecraft/libraries/io/netty/netty-handler/4.1.82.Final/netty-handler-4.1.82.Final.jar:/home/khoablabla/.minecraft/libraries/io/netty/netty-resolver/4.1.82.Final/netty-resolver-4.1.82.Final.jar:/home/khoablabla/.minecraft/libraries/io/netty/netty-transport-classes-epoll/4.1.82.Final/netty-transport-classes-epoll-4.1.82.Final.jar:/home/khoablabla/.minecraft/libraries/io/netty/netty-transport-native-epoll/4.1.82.Final/netty-transport-native-epoll-4.1.82.Final-linux-aarch_64.jar:/home/khoablabla/.minecraft/libraries/io/netty/netty-transport-native-epoll/4.1.82.Final/netty-transport-native-epoll-4.1.82.Final-linux-x86_64.jar:/home/khoablabla/.minecraft/libraries/io/netty/netty-transport-native-unix-common/4.1.82.Final/netty-transport-native-unix-common-4.1.82.Final.jar:/home/khoablabla/.minecraft/libraries/io/netty/netty-transport/4.1.82.Final/netty-transport-4.1.82.Final.jar:/home/khoablabla/.minecraft/libraries/it/unimi/dsi/fastutil/8.5.9/fastutil-8.5.9.jar:/home/khoablabla/.minecraft/libraries/net/java/dev/jna/jna-platform/5.12.1/jna-platform-5.12.1.jar:/home/khoablabla/.minecraft/libraries/net/java/dev/jna/jna/5.12.1/jna-5.12.1.jar:/home/khoablabla/.minecraft/libraries/net/sf/jopt-simple/jopt-simple/5.0.4/jopt-simple-5.0.4.jar:/home/khoablabla/.minecraft/libraries/org/apache/commons/commons-compress/1.21/commons-compress-1.21.jar:/home/khoablabla/.minecraft/libraries/org/apache/commons/commons-lang3/3.12.0/commons-lang3-3.12.0.jar:/home/khoablabla/.minecraft/libraries/org/apache/httpcomponents/httpclient/4.5.13/httpclient-4.5.13.jar:/home/khoablabla/.minecraft/libraries/org/apache/httpcomponents/httpcore/4.4.15/httpcore-4.4.15.jar:/home/khoablabla/.minecraft/libraries/org/apache/logging/log4j/log4j-api/2.19.0/log4j-api-2.19.0.jar:/home/khoablabla/.minecraft/libraries/org/apache/logging/log4j/log4j-core/2.19.0/log4j-core-2.19.0.jar:/home/khoablabla/.minecraft/libraries/org/apache/logging/log4j/log4j-slf4j2-impl/2.19.0/log4j-slf4j2-impl-2.19.0.jar:/home/khoablabla/.minecraft/libraries/org/joml/joml/1.10.5/joml-1.10.5.jar:/home/khoablabla/.minecraft/libraries/org/lwjgl/lwjgl-glfw/3.3.1/lwjgl-glfw-3.3.1.jar:/home/khoablabla/.minecraft/libraries/org/lwjgl/lwjgl-glfw/3.3.1/lwjgl-glfw-3.3.1-natives-linux.jar:/home/khoablabla/.minecraft/libraries/org/lwjgl/lwjgl-jemalloc/3.3.1/lwjgl-jemalloc-3.3.1.jar:/home/khoablabla/.minecraft/libraries/org/lwjgl/lwjgl-jemalloc/3.3.1/lwjgl-jemalloc-3.3.1-natives-linux.jar:/home/khoablabla/.minecraft/libraries/org/lwjgl/lwjgl-openal/3.3.1/lwjgl-openal-3.3.1.jar:/home/khoablabla/.minecraft/libraries/org/lwjgl/lwjgl-openal/3.3.1/lwjgl-openal-3.3.1-natives-linux.jar:/home/khoablabla/.minecraft/libraries/org/lwjgl/lwjgl-opengl/3.3.1/lwjgl-opengl-3.3.1.jar:/home/khoablabla/.minecraft/libraries/org/lwjgl/lwjgl-opengl/3.3.1/lwjgl-opengl-3.3.1-natives-linux.jar:/home/khoablabla/.minecraft/libraries/org/lwjgl/lwjgl-stb/3.3.1/lwjgl-stb-3.3.1.jar:/home/khoablabla/.minecraft/libraries/org/lwjgl/lwjgl-stb/3.3.1/lwjgl-stb-3.3.1-natives-linux.jar:/home/khoablabla/.minecraft/libraries/org/lwjgl/lwjgl-tinyfd/3.3.1/lwjgl-tinyfd-3.3.1.jar:/home/khoablabla/.minecraft/libraries/org/lwjgl/lwjgl-tinyfd/3.3.1/lwjgl-tinyfd-3.3.1-natives-linux.jar:/home/khoablabla/.minecraft/libraries/org/lwjgl/lwjgl/3.3.1/lwjgl-3.3.1.jar:/home/khoablabla/.minecraft/libraries/org/lwjgl/lwjgl/3.3.1/lwjgl-3.3.1-natives-linux.jar:/home/khoablabla/.minecraft/libraries/org/slf4j/slf4j-api/2.0.1/slf4j-api-2.0.1.jar:/home/khoablabla/.minecraft/versions/invisibladaiodwaio/invisibladaiodwaio.jar)
		at com.sun.jna.Native.extractFromResourcePath(Native.java:1145) ~[jna-5.12.1.jar:?]
		at com.sun.jna.NativeLibrary.loadLibrary(NativeLibrary.java:281) ~[jna-5.12.1.jar:?]
		at com.sun.jna.NativeLibrary.getInstance(NativeLibrary.java:467) ~[jna-5.12.1.jar:?]
		at com.sun.jna.NativeLibrary.getInstance(NativeLibrary.java:409) ~[jna-5.12.1.jar:?]
		at com.mojang.text2speech.NarratorLinux$FliteLibrary.loadNative(NarratorLinux.java:67) ~[text2speech-1.17.9.jar:?]
		at com.mojang.text2speech.NarratorLinux.<init>(NarratorLinux.java:18) ~[text2speech-1.17.9.jar:?]
		at com.mojang.text2speech.Narrator.getNarrator(Narrator.java:41) ~[text2speech-1.17.9.jar:?]
		at net.minecraft.class_333.<init>(class_333.java:19) ~[client-intermediary.jar:?]
		at net.minecraft.class_310.<init>(class_310.java:640) ~[client-intermediary.jar:?]
		at net.minecraft.client.main.Main.main(Main.java:211) ~[invisibladaiodwaio.jar:?]
		at net.fabricmc.loader.impl.game.minecraft.MinecraftGameProvider.launch(MinecraftGameProvider.java:514) ~[fabric-loader-0.19.3.jar:?]
		at net.fabricmc.loader.impl.launch.knot.Knot.launch(Knot.java:72) ~[fabric-loader-0.19.3.jar:?]
		at net.fabricmc.loader.impl.launch.knot.KnotClient.main(KnotClient.java:23) ~[fabric-loader-0.19.3.jar:?]
[16:08:53] [Render thread/INFO]: Reloading ResourceManager: vanilla, fabric (cloth-config, fabric-api, fabric-api-base, fabric-api-lookup-api-v1, fabric-biome-api-v1, fabric-block-api-v1, fabric-block-view-api-v2, fabric-blockrenderlayer-v1, fabric-client-tags-api-v1, fabric-command-api-v1, fabric-command-api-v2, fabric-commands-v0, fabric-containers-v0, fabric-content-registries-v0, fabric-convention-tags-v1, fabric-crash-report-info-v1, fabric-data-attachment-api-v1, fabric-data-generation-api-v1, fabric-dimensions-v1, fabric-entity-events-v1, fabric-events-interaction-v0, fabric-events-lifecycle-v0, fabric-game-rule-api-v1, fabric-item-api-v1, fabric-item-group-api-v1, fabric-key-binding-api-v1, fabric-keybindings-v0, fabric-lifecycle-events-v1, fabric-loot-api-v2, fabric-loot-tables-v1, fabric-message-api-v1, fabric-mining-level-api-v1, fabric-model-loading-api-v1, fabric-models-v0, fabric-networking-api-v1, fabric-networking-v0, fabric-object-builder-api-v1, fabric-particles-v1, fabric-recipe-api-v1, fabric-registry-sync-v0, fabric-renderer-api-v1, fabric-renderer-indigo, fabric-renderer-registries-v1, fabric-rendering-data-attachment-v1, fabric-rendering-fluids-v1, fabric-rendering-v0, fabric-rendering-v1, fabric-resource-conditions-api-v1, fabric-resource-loader-v0, fabric-screen-api-v1, fabric-screen-handler-api-v1, fabric-sound-api-v1, fabric-transfer-api-v1, fabric-transitive-access-wideners-v1, fabricloader, sodium, wobble)
[16:08:53] [Worker-Main-5/INFO]: Found unifont_all_no_pua-15.0.06.hex, loading
[16:08:54] [Realms Notification Availability checker #1/INFO]: Could not authorize you against Realms server: java.lang.RuntimeException: Failed to parse into SignedJWT: null
[16:08:57] [Render thread/WARN]: Missing sound for event: minecraft:item.goat_horn.play
[16:08:57] [Render thread/WARN]: Missing sound for event: minecraft:entity.goat.screaming.horn_break
[16:08:57] [Render thread/INFO]: OpenAL initialized on device JACK Default
[16:08:57] [Render thread/INFO]: Sound engine started
[16:08:58] [Render thread/INFO]: Created: 1024x512x4 minecraft:textures/atlas/blocks.png-atlas
[16:08:58] [Render thread/INFO]: Created: 256x256x4 minecraft:textures/atlas/signs.png-atlas
[16:08:58] [Render thread/INFO]: Created: 512x512x4 minecraft:textures/atlas/shield_patterns.png-atlas
[16:08:58] [Render thread/INFO]: Created: 512x512x4 minecraft:textures/atlas/banner_patterns.png-atlas
[16:08:58] [Render thread/INFO]: Created: 1024x1024x4 minecraft:textures/atlas/armor_trims.png-atlas
[16:08:58] [Render thread/INFO]: Created: 128x64x4 minecraft:textures/atlas/decorated_pot.png-atlas
[16:08:58] [Render thread/INFO]: Created: 256x256x4 minecraft:textures/atlas/chest.png-atlas
[16:08:58] [Render thread/INFO]: Created: 512x256x4 minecraft:textures/atlas/shulker_boxes.png-atlas
[16:08:58] [Render thread/INFO]: Created: 512x256x4 minecraft:textures/atlas/beds.png-atlas
[16:08:58] [Render thread/WARN]: Shader rendertype_entity_translucent_emissive could not find sampler named Sampler2 in the specified shader program.
[16:08:59] [Render thread/INFO]: Created: 256x256x0 minecraft:textures/atlas/particles.png-atlas
[16:08:59] [Render thread/INFO]: Created: 256x256x0 minecraft:textures/atlas/paintings.png-atlas
[16:08:59] [Render thread/INFO]: Created: 128x128x0 minecraft:textures/atlas/mob_effects.png-atlas
[16:09:01] [pool-6-thread-1/INFO]: check internet connection https://auth.tlauncher.org/skin/api/check.bin timeout 1500 ms
[16:09:02] [pool-6-thread-1/INFO]: passed auth.tlauncher.org within 739 ms
[16:09:19] [Render thread/INFO]: Flushed changes to Minecraft configuration
[16:09:22] [Render thread/INFO]: Flushed changes to Minecraft configuration
[16:09:29] [Render thread/INFO]: Flushed changes to Minecraft configuration
[16:09:33] [Render thread/INFO]: Loaded 7 recipes
[16:09:34] [Render thread/INFO]: Loaded 1271 advancements
[16:09:40] [Render thread/INFO]: Applied 0 biome modifications to 0 of 64 new biomes in 1.261 ms
[16:09:40] [Server thread/INFO]: Starting integrated minecraft server version 1.20.1
[16:09:40] [Server thread/INFO]: Generating keypair
[16:09:47] [Server thread/INFO]: Preparing start region for dimension minecraft:overworld
[16:09:48] [Render thread/INFO]: Preparing spawn area: 0%
[16:09:48] [Render thread/INFO]: Preparing spawn area: 0%
[16:09:48] [Render thread/INFO]: Preparing spawn area: 0%
[16:09:49] [Render thread/INFO]: Preparing spawn area: 0%
[16:09:49] [Render thread/INFO]: Preparing spawn area: 0%
[16:09:50] [Render thread/INFO]: Preparing spawn area: 0%
[16:09:50] [Render thread/INFO]: Preparing spawn area: 0%
[16:09:51] [Render thread/INFO]: Preparing spawn area: 1%
[16:09:51] [Render thread/INFO]: Preparing spawn area: 1%
[16:09:52] [Render thread/INFO]: Preparing spawn area: 1%
[16:09:52] [Render thread/INFO]: Preparing spawn area: 2%
[16:09:53] [Render thread/INFO]: Preparing spawn area: 3%
[16:09:53] [Render thread/INFO]: Preparing spawn area: 3%
[16:09:54] [Render thread/INFO]: Preparing spawn area: 3%
[16:09:54] [Render thread/INFO]: Preparing spawn area: 4%
[16:09:55] [Render thread/INFO]: Preparing spawn area: 4%
[16:09:55] [Render thread/INFO]: Preparing spawn area: 6%
[16:09:56] [Render thread/INFO]: Preparing spawn area: 7%
[16:09:56] [Render thread/INFO]: Preparing spawn area: 8%
[16:09:57] [Render thread/INFO]: Preparing spawn area: 9%
[16:09:57] [Render thread/INFO]: Preparing spawn area: 10%
[16:09:58] [Render thread/INFO]: Preparing spawn area: 11%
[16:09:58] [Render thread/INFO]: Preparing spawn area: 12%
[16:09:59] [Render thread/INFO]: Preparing spawn area: 13%
[16:09:59] [Render thread/INFO]: Preparing spawn area: 15%
[16:10:00] [Render thread/INFO]: Preparing spawn area: 15%
[16:10:00] [Render thread/INFO]: Preparing spawn area: 16%
[16:10:01] [Render thread/INFO]: Preparing spawn area: 18%
[16:10:01] [Render thread/INFO]: Preparing spawn area: 19%
[16:10:02] [Render thread/INFO]: Preparing spawn area: 21%
[16:10:02] [Render thread/INFO]: Preparing spawn area: 22%
[16:10:03] [Render thread/INFO]: Preparing spawn area: 23%
[16:10:03] [Render thread/INFO]: Preparing spawn area: 24%
[16:10:06] [Render thread/INFO]: Preparing spawn area: 26%
[16:10:06] [Render thread/INFO]: Preparing spawn area: 26%
[16:10:06] [Render thread/INFO]: Preparing spawn area: 26%
[16:10:06] [Render thread/INFO]: Preparing spawn area: 26%
[16:10:06] [Render thread/INFO]: Preparing spawn area: 26%
[16:10:06] [Render thread/INFO]: Preparing spawn area: 26%
[16:10:07] [Render thread/INFO]: Preparing spawn area: 27%
[16:10:07] [Render thread/INFO]: Preparing spawn area: 30%
[16:10:08] [Render thread/INFO]: Preparing spawn area: 31%
[16:10:08] [Render thread/INFO]: Preparing spawn area: 32%
[16:10:09] [Render thread/INFO]: Preparing spawn area: 35%
[16:10:09] [Render thread/INFO]: Preparing spawn area: 37%
[16:10:10] [Render thread/INFO]: Preparing spawn area: 38%
[16:10:10] [Render thread/INFO]: Preparing spawn area: 39%
[16:10:11] [Render thread/INFO]: Preparing spawn area: 41%
[16:10:11] [Render thread/INFO]: Preparing spawn area: 42%
[16:10:12] [Render thread/INFO]: Preparing spawn area: 43%
[16:10:12] [Render thread/INFO]: Preparing spawn area: 45%
[16:10:13] [Render thread/INFO]: Preparing spawn area: 47%
[16:10:13] [Render thread/INFO]: Preparing spawn area: 49%
[16:10:14] [Render thread/INFO]: Preparing spawn area: 50%
[16:10:14] [Render thread/INFO]: Preparing spawn area: 51%
[16:10:15] [Render thread/INFO]: Preparing spawn area: 54%
[16:10:15] [Render thread/INFO]: Preparing spawn area: 54%
[16:10:16] [Render thread/INFO]: Preparing spawn area: 55%
[16:10:16] [Render thread/INFO]: Preparing spawn area: 58%
[16:10:17] [Render thread/INFO]: Preparing spawn area: 59%
[16:10:17] [Render thread/INFO]: Preparing spawn area: 60%
[16:10:18] [Render thread/INFO]: Preparing spawn area: 62%
[16:10:18] [Render thread/INFO]: Preparing spawn area: 63%
[16:10:19] [Render thread/INFO]: Preparing spawn area: 64%
[16:10:19] [Render thread/INFO]: Preparing spawn area: 66%
[16:10:20] [Render thread/INFO]: Preparing spawn area: 68%
[16:10:20] [Render thread/INFO]: Preparing spawn area: 68%
[16:10:21] [Render thread/INFO]: Preparing spawn area: 70%
[16:10:21] [Render thread/INFO]: Preparing spawn area: 71%
[16:10:22] [Render thread/INFO]: Preparing spawn area: 72%
[16:10:22] [Render thread/INFO]: Preparing spawn area: 73%
[16:10:23] [Render thread/INFO]: Preparing spawn area: 74%
[16:10:23] [Render thread/INFO]: Preparing spawn area: 75%
[16:10:24] [Render thread/INFO]: Preparing spawn area: 77%
[16:10:24] [Render thread/INFO]: Preparing spawn area: 78%
[16:10:25] [Render thread/INFO]: Preparing spawn area: 81%
[16:10:25] [Render thread/INFO]: Preparing spawn area: 81%
[16:10:26] [Render thread/INFO]: Preparing spawn area: 83%
[16:10:26] [Render thread/INFO]: Preparing spawn area: 83%
[16:10:27] [Render thread/INFO]: Preparing spawn area: 84%
[16:10:27] [Render thread/INFO]: Preparing spawn area: 85%
[16:10:28] [Render thread/INFO]: Preparing spawn area: 87%
[16:10:28] [Render thread/INFO]: Preparing spawn area: 87%
[16:10:29] [Render thread/INFO]: Preparing spawn area: 88%
[16:10:29] [Render thread/INFO]: Preparing spawn area: 89%
[16:10:30] [Render thread/INFO]: Preparing spawn area: 90%
[16:10:30] [Render thread/INFO]: Preparing spawn area: 91%
[16:10:31] [Render thread/INFO]: Preparing spawn area: 93%
[16:10:31] [Render thread/INFO]: Preparing spawn area: 95%
[16:10:32] [Render thread/INFO]: Preparing spawn area: 97%
[16:10:32] [Render thread/INFO]: Time elapsed: 44861 ms
[16:10:32] [Server thread/INFO]: Changing view distance to 12, from 10
[16:10:32] [Server thread/INFO]: Changing simulation distance to 12, from 0
[16:10:33] [Server thread/INFO]: khoablabla[local:E:483bd2fe] logged in with entity id 246 at (-22.5, 72.0, 55.5)
[16:10:33] [Server thread/INFO]: khoablabla joined the game
[16:10:33] [Render thread/INFO]: Started 2 worker threads
[16:10:34] [Render thread/INFO]: Loaded 2 advancements
[16:10:36] [Render thread/INFO]: calculated cape performance:TEXTURE_272, middle time: 3.8333333333333335
[16:10:37] [Server thread/INFO]: Saving and pausing game...
[16:10:37] [Server thread/INFO]: Saving chunks for level 'ServerLevel[New World]'/minecraft:overworld
[16:10:38] [Render thread/INFO]: can use texture size:TEXTURE_272, middle time: 1.6
[16:10:40] [Server thread/INFO]: Saving chunks for level 'ServerLevel[New World]'/minecraft:the_end
[16:10:40] [Server thread/INFO]: Saving chunks for level 'ServerLevel[New World]'/minecraft:the_nether
[16:10:40] [Server thread/WARN]: Can't keep up! Is the server overloaded? Running 3995ms or 79 ticks behind
[16:11:53] [Server thread/INFO]: Saving and pausing game...
[16:11:53] [Server thread/INFO]: Saving chunks for level 'ServerLevel[New World]'/minecraft:overworld
[16:11:55] [Server thread/INFO]: Saving chunks for level 'ServerLevel[New World]'/minecraft:the_end
[16:11:55] [Server thread/INFO]: Saving chunks for level 'ServerLevel[New World]'/minecraft:the_nether
[16:12:24] [Server thread/INFO]: [khoablabla: Changed the block at -21, 250, 54]
[16:12:24] [Render thread/INFO]: [System] [CHAT] Changed the block at -21, 250, 54
[16:12:37] [Server thread/INFO]: Saving and pausing game...
[16:12:37] [Server thread/INFO]: Saving chunks for level 'ServerLevel[New World]'/minecraft:overworld
[16:12:37] [Server thread/INFO]: Saving chunks for level 'ServerLevel[New World]'/minecraft:the_end
[16:12:37] [Server thread/INFO]: Saving chunks for level 'ServerLevel[New World]'/minecraft:the_nether
[16:12:39] [Render thread/INFO]: Stopping!
[16:12:39] [Server thread/INFO]: khoablabla lost connection: Disconnected
[16:12:39] [Server thread/INFO]: khoablabla left the game
[16:12:39] [Server thread/INFO]: Stopping singleplayer server as player logged out
[16:12:39] [Server thread/INFO]: Stopping server
[16:12:39] [Server thread/INFO]: Saving players
[16:12:39] [Server thread/INFO]: Saving worlds
[16:12:42] [Server thread/INFO]: Saving chunks for level 'ServerLevel[New World]'/minecraft:overworld
[16:12:43] [Server thread/INFO]: Saving chunks for level 'ServerLevel[New World]'/minecraft:the_end
[16:12:43] [Server thread/INFO]: Saving chunks for level 'ServerLevel[New World]'/minecraft:the_nether
[16:12:43] [Server thread/INFO]: ThreadedAnvilChunkStorage (New World): All chunks are saved
[16:12:43] [Server thread/INFO]: ThreadedAnvilChunkStorage (DIM1): All chunks are saved
[16:12:43] [Server thread/INFO]: ThreadedAnvilChunkStorage (DIM-1): All chunks are saved
[16:12:43] [Server thread/INFO]: ThreadedAnvilChunkStorage: All dimensions are saved
[16:12:43] [Render thread/INFO]: Stopping worker threads
